New log file opened at Sat Oct 15 13:42:02 GMT+03:30 2016 by 3052@ITSTARIR
jvm 3052@ITSTARIR
jvm vmName=Java HotSpot(TM) 64-Bit Server VM vmVendor=Oracle Corporation vmVersion=25.45-b02
jvm specName=Java Virtual Machine Specification specVendor=Oracle Corporation specVersion=1.8
jvm arguments: [-Xms256m, -Xmx1024m, -XX:MetaspaceSize=64m, -XX:MaxMetaspaceSize=256m]
Starting event engine
Starting sbt command engine
Waiting for sbt command engine
Command engine arguments=List()
Command engine baseDirectory=F:\Scala\scalaWorkspace\play-scala\play-scala
Command engine initial remaining commands List(--initialize, onFailure load-failed, boot, server-send-ready-for-request, server-handle-next-server-request)
> --initialize
> initialize
> onFailure load-failed
> boot
> reload
[Loading] Scanning directory F:\Scala\scalaWorkspace\play-scala\play-scala\project
[Loading] Found non-root projects 
[Loading] Done in F:\Scala\scalaWorkspace\play-scala\play-scala\project, returning: ()
deducing auto plugins based on known facts Set(Atom(sbt.plugins.CorePlugin)) and clauses Clauses(List(Clause(Atom(sbt.plugins.JvmPlugin),Set(Atom(sbt.plugins.IvyPlugin))), Clause(Atom(sbt.plugins.JUnitXmlReportPlugin),Set(Atom(sbt.plugins.JvmPlugin))), Clause(Atom(sbt.plugins.CorePlugin),Set(Atom(sbt.plugins.IvyPlugin))), Clause(Atom(sbt.plugins.IvyPlugin),Set(Atom(sbt.plugins.JvmPlugin))), Clause(Atom(sbt.plugins.JvmPlugin),Set(Atom(sbt.plugins.JUnitXmlReportPlugin)))))
  :: deduced result: Matched(sbt.plugins.CorePlugin,sbt.plugins.IvyPlugin,sbt.plugins.JvmPlugin,sbt.plugins.JUnitXmlReportPlugin)
sorting: ns: List(sbt.plugins.CorePlugin, sbt.plugins.IvyPlugin, sbt.plugins.JvmPlugin, sbt.plugins.JUnitXmlReportPlugin)
  :: sorting:: found: List(sbt.plugins.CorePlugin) not found List(sbt.plugins.IvyPlugin, sbt.plugins.JvmPlugin, sbt.plugins.JUnitXmlReportPlugin)
  :: sorting:: found: List(sbt.plugins.CorePlugin, sbt.plugins.IvyPlugin) not found List(sbt.plugins.JvmPlugin, sbt.plugins.JUnitXmlReportPlugin)
  :: sorting:: found: List(sbt.plugins.CorePlugin, sbt.plugins.IvyPlugin, sbt.plugins.JvmPlugin) not found List(sbt.plugins.JUnitXmlReportPlugin)
  :: sorting:: found: List(sbt.plugins.CorePlugin, sbt.plugins.IvyPlugin, sbt.plugins.JvmPlugin, sbt.plugins.JUnitXmlReportPlugin) not found List()
  :: sorted deduced result: List(sbt.plugins.CorePlugin, sbt.plugins.IvyPlugin, sbt.plugins.JvmPlugin, sbt.plugins.JUnitXmlReportPlugin)
[Loading] Done in F:\Scala\scalaWorkspace\play-scala\play-scala\project, returning: (play-scala-build)
Loading project definition from F:\Scala\scalaWorkspace\play-scala\play-scala\project
Running task... Cancel: sbt.TaskCancellationStrategy$Null$@1beabb9c, check cycles: false

Initial source changes: 
	removed:Set()
	added: Set()
	modified: Set()
Removed products: Set()
External API changes: API Changes: Set()
Modified binary dependencies: Set()
Initial directly invalidated sources: Set()

Sources indirectly invalidated by:
	product: Set()
	binary dep: Set()
	external source: Set()
All initially invalidated sources: Set()

Copy resource mappings: 
	
[Loading] Scanning directory F:\Scala\scalaWorkspace\play-scala\play-scala
[Loading] Found root project root w/ remaining 
deducing auto plugins based on known facts Set(Atom(play.sbt.PlayScala), Atom(sbt.plugins.CorePlugin)) and clauses Clauses(List(Clause(Atom(sbt.plugins.JvmPlugin),Set(Atom(sbt.plugins.IvyPlugin))), Clause(Atom(sbt.plugins.JUnitXmlReportPlugin),Set(Atom(sbt.plugins.JvmPlugin))), Clause(Atom(com.typesafe.sbteclipse.plugin.EclipsePlugin),Set(Atom(sbt.plugins.JvmPlugin))), Clause(Atom(play.sbt.forkrun.PlayForkRun),Set(Atom(sbt.plugins.BackgroundRunPlugin))), Clause(Atom(play.sbt.forkrun.PlayForkRun),Set(Atom(play.sbt.Play))), Clause(Atom(play.sbt.forkrun.PlayForkRun),Set(Atom(sbt.plugins.SerializersPlugin))), Clause(Atom(play.sbt.Play),Set(Atom(com.typesafe.sbt.packager.archetypes.JavaServerAppPackaging))), Clause(Atom(play.sbt.Play),Set(Atom(play.sbt.routes.RoutesCompiler))), Clause(Atom(play.sbt.Play),Set(Atom(play.twirl.sbt.SbtTwirl))), Clause(Atom(play.sbt.Play),Set(Atom(com.typesafe.sbt.jse.SbtJsTask))), Clause(Atom(play.sbt.PlayAkkaHttpServer),Set(Atom(play.sbt.Play))), Clause(Atom(play.sbt.PlayJava),Set(Atom(play.sbt.Play))), Clause(Atom(play.sbt.PlayLayoutPlugin),Set(Atom(play.sbt.Play))), Clause(Atom(play.sbt.PlayLogback),Set(Atom(play.sbt.Play))), Clause(Atom(play.sbt.PlayNettyServer),Set(Atom(play.sbt.Play))), Clause(Atom(play.sbt.PlayScala),Set(Atom(play.sbt.Play))), Clause(Atom(play.sbt.routes.RoutesCompiler),Set(Atom(sbt.plugins.JvmPlugin))), Clause(Atom(play.twirl.sbt.SbtTwirl),Set(Atom(sbt.plugins.JvmPlugin))), Clause(Atom(com.typesafe.sbt.packager.archetypes.AkkaAppPackaging),Set(Atom(com.typesafe.sbt.packager.archetypes.JavaAppPackaging))), Clause(Atom(com.typesafe.sbt.packager.archetypes.JavaAppPackaging),Set(Atom(com.typesafe.sbt.packager.windows.WindowsPlugin))), Clause(Atom(com.typesafe.sbt.packager.archetypes.JavaAppPackaging),Set(Atom(com.typesafe.sbt.packager.docker.DockerPlugin))), Clause(Atom(com.typesafe.sbt.packager.archetypes.JavaAppPackaging),Set(Atom(com.typesafe.sbt.packager.debian.DebianPlugin))), Clause(Atom(com.typesafe.sbt.packager.archetypes.JavaAppPackaging),Set(Atom(com.typesafe.sbt.packager.rpm.RpmPlugin))), Clause(Atom(com.typesafe.sbt.packager.archetypes.JavaServerAppPackaging),Set(Atom(com.typesafe.sbt.packager.archetypes.JavaAppPackaging))), Clause(Atom(com.typesafe.sbt.packager.archetypes.jar.ClasspathJarPlugin),Set(Atom(com.typesafe.sbt.packager.archetypes.JavaAppPackaging))), Clause(Atom(com.typesafe.sbt.packager.archetypes.jar.LauncherJarPlugin),Set(Atom(com.typesafe.sbt.packager.archetypes.JavaAppPackaging))), Clause(Atom(com.typesafe.sbt.packager.debian.DebianDeployPlugin),Set(Atom(com.typesafe.sbt.packager.debian.DebianPlugin))), Clause(Atom(com.typesafe.sbt.packager.debian.DebianPlugin),Set(Atom(com.typesafe.sbt.packager.linux.LinuxPlugin))), Clause(Atom(com.typesafe.sbt.packager.debian.JDebPackaging),Set(Atom(com.typesafe.sbt.packager.debian.DebianPlugin))), Clause(Atom(com.typesafe.sbt.packager.docker.DockerPlugin),Set(Atom(com.typesafe.sbt.packager.universal.UniversalPlugin))), Clause(Atom(com.typesafe.sbt.packager.jdkpackager.JDKPackagerDeployPlugin),Set(Atom(com.typesafe.sbt.packager.jdkpackager.JDKPackagerPlugin))), Clause(Atom(com.typesafe.sbt.packager.jdkpackager.JDKPackagerPlugin),Set(Atom(com.typesafe.sbt.packager.archetypes.JavaAppPackaging))), Clause(Atom(com.typesafe.sbt.packager.jdkpackager.JDKPackagerPlugin),Set(Atom(com.typesafe.sbt.packager.archetypes.jar.LauncherJarPlugin))), Clause(Atom(com.typesafe.sbt.packager.linux.LinuxPlugin),Set(Atom(com.typesafe.sbt.packager.universal.UniversalPlugin))), Clause(Atom(com.typesafe.sbt.packager.rpm.RpmDeployPlugin),Set(Atom(com.typesafe.sbt.packager.rpm.RpmPlugin))), Clause(Atom(com.typesafe.sbt.packager.rpm.RpmPlugin),Set(Atom(com.typesafe.sbt.packager.linux.LinuxPlugin))), Clause(Atom(com.typesafe.sbt.packager.universal.UniversalDeployPlugin),Set(Atom(com.typesafe.sbt.packager.universal.UniversalPlugin))), Clause(Atom(com.typesafe.sbt.packager.universal.UniversalPlugin),Set(Atom(com.typesafe.sbt.SbtNativePackager))), Clause(Atom(com.typesafe.sbt.packager.windows.WindowsDeployPlugin),Set(Atom(com.typesafe.sbt.packager.windows.WindowsPlugin))), Clause(Atom(com.typesafe.sbt.packager.windows.WindowsPlugin),Set(Atom(com.typesafe.sbt.packager.universal.UniversalPlugin))), Clause(Atom(com.typesafe.sbt.web.SbtWeb),Set(Atom(sbt.plugins.JvmPlugin))), Clause(Atom(sbt.plugins.BackgroundRunPlugin),Set(Atom(sbt.plugins.JvmPlugin))), Clause(Atom(com.typesafe.sbt.coffeescript.SbtCoffeeScript),Set(Atom(com.typesafe.sbt.jse.SbtJsTask))), Clause(Atom(com.typesafe.sbt.less.SbtLess),Set(Atom(com.typesafe.sbt.jse.SbtJsTask))), Clause(Atom(com.typesafe.sbt.jshint.SbtJSHint),Set(Atom(com.typesafe.sbt.jse.SbtJsTask))), Clause(Atom(com.typesafe.sbt.rjs.SbtRjs),Set(Atom(com.typesafe.sbt.jse.SbtJsTask))), Clause(Atom(com.typesafe.sbt.jse.SbtJsEngine),Set(Atom(com.typesafe.sbt.web.SbtWeb))), Clause(Atom(com.typesafe.sbt.jse.SbtJsTask),Set(Atom(com.typesafe.sbt.jse.SbtJsEngine))), Clause(Atom(com.typesafe.sbt.digest.SbtDigest),Set(Atom(com.typesafe.sbt.web.SbtWeb))), Clause(Atom(com.typesafe.sbt.mocha.SbtMocha),Set(Atom(com.typesafe.sbt.jse.SbtJsTask))), Clause(Atom(org.irundaia.sbt.sass.SbtSassify),Set(Atom(com.typesafe.sbt.web.SbtWeb))), Clause(Atom(sbt.plugins.CorePlugin),Set(Atom(sbt.plugins.IvyPlugin))), Clause(Atom(sbt.plugins.IvyPlugin),Set(Atom(sbt.plugins.JvmPlugin))), Clause(Atom(sbt.plugins.JvmPlugin),Set(Atom(sbt.plugins.JUnitXmlReportPlugin))), Clause(Atom(sbt.plugins.JvmPlugin),Set(Atom(com.typesafe.sbteclipse.plugin.EclipsePlugin))), Clause(And(Set(Atom(sbt.plugins.BackgroundRunPlugin), Atom(play.sbt.Play), Atom(sbt.plugins.SerializersPlugin))),Set(Atom(play.sbt.forkrun.PlayForkRun))), Clause(Atom(play.sbt.Play),Set(Atom(play.sbt.PlayLayoutPlugin))), Clause(Atom(play.sbt.Play),Set(Atom(play.sbt.PlayLogback))), Clause(Atom(play.sbt.Play),Set(Atom(play.sbt.PlayNettyServer))), Clause(Atom(sbt.plugins.JvmPlugin),Set(Atom(sbt.plugins.BackgroundRunPlugin))), Clause(Atom(sbt.plugins.CorePlugin),Set(Atom(sbt.plugins.InteractionServicePlugin))), Clause(Atom(sbt.plugins.CorePlugin),Set(Atom(sbt.plugins.SendEventServicePlugin))), Clause(Atom(sbt.plugins.CorePlugin),Set(Atom(sbt.plugins.SerializersPlugin))), Clause(Atom(com.typesafe.sbt.jse.SbtJsTask),Set(Atom(com.typesafe.sbt.coffeescript.SbtCoffeeScript))), Clause(Atom(com.typesafe.sbt.jse.SbtJsTask),Set(Atom(com.typesafe.sbt.less.SbtLess))), Clause(Atom(com.typesafe.sbt.jse.SbtJsTask),Set(Atom(com.typesafe.sbt.jshint.SbtJSHint))), Clause(Atom(com.typesafe.sbt.jse.SbtJsTask),Set(Atom(com.typesafe.sbt.rjs.SbtRjs))), Clause(Atom(com.typesafe.sbt.web.SbtWeb),Set(Atom(com.typesafe.sbt.jse.SbtJsEngine))), Clause(Atom(com.typesafe.sbt.jse.SbtJsEngine),Set(Atom(com.typesafe.sbt.jse.SbtJsTask))), Clause(Atom(com.typesafe.sbt.web.SbtWeb),Set(Atom(com.typesafe.sbt.digest.SbtDigest))), Clause(Atom(com.typesafe.sbt.jse.SbtJsTask),Set(Atom(com.typesafe.sbt.mocha.SbtMocha))), Clause(Atom(com.typesafe.sbt.web.SbtWeb),Set(Atom(org.irundaia.sbt.sass.SbtSassify)))))
  :: deduced result: Matched(sbt.plugins.CorePlugin,play.sbt.PlayScala,sbt.plugins.InteractionServicePlugin,sbt.plugins.SendEventServicePlugin,play.sbt.Play,sbt.plugins.SerializersPlugin,sbt.plugins.IvyPlugin,com.typesafe.sbt.packager.archetypes.JavaServerAppPackaging,play.twirl.sbt.SbtTwirl,sbt.plugins.JvmPlugin,play.sbt.PlayNettyServer,play.sbt.PlayLayoutPlugin,play.sbt.routes.RoutesCompiler,play.sbt.PlayLogback,com.typesafe.sbt.jse.SbtJsTask,com.typesafe.sbt.jshint.SbtJSHint,com.typesafe.sbteclipse.plugin.EclipsePlugin,com.typesafe.sbt.packager.archetypes.JavaAppPackaging,sbt.plugins.JUnitXmlReportPlugin,com.typesafe.sbt.mocha.SbtMocha,com.typesafe.sbt.less.SbtLess,com.typesafe.sbt.rjs.SbtRjs,com.typesafe.sbt.jse.SbtJsEngine,com.typesafe.sbt.coffeescript.SbtCoffeeScript,sbt.plugins.BackgroundRunPlugin,com.typesafe.sbt.packager.rpm.RpmPlugin,com.typesafe.sbt.packager.windows.WindowsPlugin,com.typesafe.sbt.web.SbtWeb,com.typesafe.sbt.packager.docker.DockerPlugin,play.sbt.forkrun.PlayForkRun,com.typesafe.sbt.packager.debian.DebianPlugin,org.irundaia.sbt.sass.SbtSassify,com.typesafe.sbt.digest.SbtDigest,com.typesafe.sbt.packager.universal.UniversalPlugin,com.typesafe.sbt.packager.linux.LinuxPlugin,com.typesafe.sbt.SbtNativePackager)
sorting: ns: List(sbt.plugins.CorePlugin, play.sbt.PlayScala, sbt.plugins.InteractionServicePlugin, sbt.plugins.SendEventServicePlugin, play.sbt.Play, sbt.plugins.SerializersPlugin, sbt.plugins.IvyPlugin, com.typesafe.sbt.packager.archetypes.JavaServerAppPackaging, play.twirl.sbt.SbtTwirl, sbt.plugins.JvmPlugin, play.sbt.PlayNettyServer, play.sbt.PlayLayoutPlugin, play.sbt.routes.RoutesCompiler, play.sbt.PlayLogback, com.typesafe.sbt.jse.SbtJsTask, com.typesafe.sbt.jshint.SbtJSHint, com.typesafe.sbteclipse.plugin.EclipsePlugin, com.typesafe.sbt.packager.archetypes.JavaAppPackaging, sbt.plugins.JUnitXmlReportPlugin, com.typesafe.sbt.mocha.SbtMocha, com.typesafe.sbt.less.SbtLess, com.typesafe.sbt.rjs.SbtRjs, com.typesafe.sbt.jse.SbtJsEngine, com.typesafe.sbt.coffeescript.SbtCoffeeScript, sbt.plugins.BackgroundRunPlugin, com.typesafe.sbt.packager.rpm.RpmPlugin, com.typesafe.sbt.packager.windows.WindowsPlugin, com.typesafe.sbt.web.SbtWeb, com.typesafe.sbt.packager.docker.DockerPlugin, play.sbt.forkrun.PlayForkRun, com.typesafe.sbt.packager.debian.DebianPlugin, org.irundaia.sbt.sass.SbtSassify, com.typesafe.sbt.digest.SbtDigest, com.typesafe.sbt.packager.universal.UniversalPlugin, com.typesafe.sbt.packager.linux.LinuxPlugin, com.typesafe.sbt.SbtNativePackager)
  :: sorting:: found: List(sbt.plugins.CorePlugin, com.typesafe.sbt.SbtNativePackager) not found List(play.sbt.PlayScala, sbt.plugins.InteractionServicePlugin, sbt.plugins.SendEventServicePlugin, play.sbt.Play, sbt.plugins.SerializersPlugin, sbt.plugins.IvyPlugin, com.typesafe.sbt.packager.archetypes.JavaServerAppPackaging, play.twirl.sbt.SbtTwirl, sbt.plugins.JvmPlugin, play.sbt.PlayNettyServer, play.sbt.PlayLayoutPlugin, play.sbt.routes.RoutesCompiler, play.sbt.PlayLogback, com.typesafe.sbt.jse.SbtJsTask, com.typesafe.sbt.jshint.SbtJSHint, com.typesafe.sbteclipse.plugin.EclipsePlugin, com.typesafe.sbt.packager.archetypes.JavaAppPackaging, sbt.plugins.JUnitXmlReportPlugin, com.typesafe.sbt.mocha.SbtMocha, com.typesafe.sbt.less.SbtLess, com.typesafe.sbt.rjs.SbtRjs, com.typesafe.sbt.jse.SbtJsEngine, com.typesafe.sbt.coffeescript.SbtCoffeeScript, sbt.plugins.BackgroundRunPlugin, com.typesafe.sbt.packager.rpm.RpmPlugin, com.typesafe.sbt.packager.windows.WindowsPlugin, com.typesafe.sbt.web.SbtWeb, com.typesafe.sbt.packager.docker.DockerPlugin, play.sbt.forkrun.PlayForkRun, com.typesafe.sbt.packager.debian.DebianPlugin, org.irundaia.sbt.sass.SbtSassify, com.typesafe.sbt.digest.SbtDigest, com.typesafe.sbt.packager.universal.UniversalPlugin, com.typesafe.sbt.packager.linux.LinuxPlugin)
  :: sorting:: found: List(sbt.plugins.CorePlugin, com.typesafe.sbt.SbtNativePackager, sbt.plugins.InteractionServicePlugin, sbt.plugins.SendEventServicePlugin, sbt.plugins.SerializersPlugin, sbt.plugins.IvyPlugin, com.typesafe.sbt.packager.universal.UniversalPlugin) not found List(play.sbt.PlayScala, play.sbt.Play, com.typesafe.sbt.packager.archetypes.JavaServerAppPackaging, play.twirl.sbt.SbtTwirl, sbt.plugins.JvmPlugin, play.sbt.PlayNettyServer, play.sbt.PlayLayoutPlugin, play.sbt.routes.RoutesCompiler, play.sbt.PlayLogback, com.typesafe.sbt.jse.SbtJsTask, com.typesafe.sbt.jshint.SbtJSHint, com.typesafe.sbteclipse.plugin.EclipsePlugin, com.typesafe.sbt.packager.archetypes.JavaAppPackaging, sbt.plugins.JUnitXmlReportPlugin, com.typesafe.sbt.mocha.SbtMocha, com.typesafe.sbt.less.SbtLess, com.typesafe.sbt.rjs.SbtRjs, com.typesafe.sbt.jse.SbtJsEngine, com.typesafe.sbt.coffeescript.SbtCoffeeScript, sbt.plugins.BackgroundRunPlugin, com.typesafe.sbt.packager.rpm.RpmPlugin, com.typesafe.sbt.packager.windows.WindowsPlugin, com.typesafe.sbt.web.SbtWeb, com.typesafe.sbt.packager.docker.DockerPlugin, play.sbt.forkrun.PlayForkRun, com.typesafe.sbt.packager.debian.DebianPlugin, org.irundaia.sbt.sass.SbtSassify, com.typesafe.sbt.digest.SbtDigest, com.typesafe.sbt.packager.linux.LinuxPlugin)
  :: sorting:: found: List(sbt.plugins.CorePlugin, com.typesafe.sbt.SbtNativePackager, sbt.plugins.InteractionServicePlugin, sbt.plugins.SendEventServicePlugin, sbt.plugins.SerializersPlugin, sbt.plugins.IvyPlugin, com.typesafe.sbt.packager.universal.UniversalPlugin, sbt.plugins.JvmPlugin, com.typesafe.sbt.packager.windows.WindowsPlugin, com.typesafe.sbt.packager.docker.DockerPlugin, com.typesafe.sbt.packager.linux.LinuxPlugin) not found List(play.sbt.PlayScala, play.sbt.Play, com.typesafe.sbt.packager.archetypes.JavaServerAppPackaging, play.twirl.sbt.SbtTwirl, play.sbt.PlayNettyServer, play.sbt.PlayLayoutPlugin, play.sbt.routes.RoutesCompiler, play.sbt.PlayLogback, com.typesafe.sbt.jse.SbtJsTask, com.typesafe.sbt.jshint.SbtJSHint, com.typesafe.sbteclipse.plugin.EclipsePlugin, com.typesafe.sbt.packager.archetypes.JavaAppPackaging, sbt.plugins.JUnitXmlReportPlugin, com.typesafe.sbt.mocha.SbtMocha, com.typesafe.sbt.less.SbtLess, com.typesafe.sbt.rjs.SbtRjs, com.typesafe.sbt.jse.SbtJsEngine, com.typesafe.sbt.coffeescript.SbtCoffeeScript, sbt.plugins.BackgroundRunPlugin, com.typesafe.sbt.packager.rpm.RpmPlugin, com.typesafe.sbt.web.SbtWeb, play.sbt.forkrun.PlayForkRun, com.typesafe.sbt.packager.debian.DebianPlugin, org.irundaia.sbt.sass.SbtSassify, com.typesafe.sbt.digest.SbtDigest)
  :: sorting:: found: List(sbt.plugins.CorePlugin, com.typesafe.sbt.SbtNativePackager, sbt.plugins.InteractionServicePlugin, sbt.plugins.SendEventServicePlugin, sbt.plugins.SerializersPlugin, sbt.plugins.IvyPlugin, com.typesafe.sbt.packager.universal.UniversalPlugin, sbt.plugins.JvmPlugin, com.typesafe.sbt.packager.windows.WindowsPlugin, com.typesafe.sbt.packager.docker.DockerPlugin, com.typesafe.sbt.packager.linux.LinuxPlugin, play.twirl.sbt.SbtTwirl, play.sbt.routes.RoutesCompiler, com.typesafe.sbteclipse.plugin.EclipsePlugin, sbt.plugins.JUnitXmlReportPlugin, sbt.plugins.BackgroundRunPlugin, com.typesafe.sbt.packager.rpm.RpmPlugin, com.typesafe.sbt.web.SbtWeb, com.typesafe.sbt.packager.debian.DebianPlugin) not found List(play.sbt.PlayScala, play.sbt.Play, com.typesafe.sbt.packager.archetypes.JavaServerAppPackaging, play.sbt.PlayNettyServer, play.sbt.PlayLayoutPlugin, play.sbt.PlayLogback, com.typesafe.sbt.jse.SbtJsTask, com.typesafe.sbt.jshint.SbtJSHint, com.typesafe.sbt.packager.archetypes.JavaAppPackaging, com.typesafe.sbt.mocha.SbtMocha, com.typesafe.sbt.less.SbtLess, com.typesafe.sbt.rjs.SbtRjs, com.typesafe.sbt.jse.SbtJsEngine, com.typesafe.sbt.coffeescript.SbtCoffeeScript, play.sbt.forkrun.PlayForkRun, org.irundaia.sbt.sass.SbtSassify, com.typesafe.sbt.digest.SbtDigest)
  :: sorting:: found: List(sbt.plugins.CorePlugin, com.typesafe.sbt.SbtNativePackager, sbt.plugins.InteractionServicePlugin, sbt.plugins.SendEventServicePlugin, sbt.plugins.SerializersPlugin, sbt.plugins.IvyPlugin, com.typesafe.sbt.packager.universal.UniversalPlugin, sbt.plugins.JvmPlugin, com.typesafe.sbt.packager.windows.WindowsPlugin, com.typesafe.sbt.packager.docker.DockerPlugin, com.typesafe.sbt.packager.linux.LinuxPlugin, play.twirl.sbt.SbtTwirl, play.sbt.routes.RoutesCompiler, com.typesafe.sbteclipse.plugin.EclipsePlugin, sbt.plugins.JUnitXmlReportPlugin, sbt.plugins.BackgroundRunPlugin, com.typesafe.sbt.packager.rpm.RpmPlugin, com.typesafe.sbt.web.SbtWeb, com.typesafe.sbt.packager.debian.DebianPlugin, com.typesafe.sbt.packager.archetypes.JavaAppPackaging, com.typesafe.sbt.jse.SbtJsEngine, org.irundaia.sbt.sass.SbtSassify, com.typesafe.sbt.digest.SbtDigest) not found List(play.sbt.PlayScala, play.sbt.Play, com.typesafe.sbt.packager.archetypes.JavaServerAppPackaging, play.sbt.PlayNettyServer, play.sbt.PlayLayoutPlugin, play.sbt.PlayLogback, com.typesafe.sbt.jse.SbtJsTask, com.typesafe.sbt.jshint.SbtJSHint, com.typesafe.sbt.mocha.SbtMocha, com.typesafe.sbt.less.SbtLess, com.typesafe.sbt.rjs.SbtRjs, com.typesafe.sbt.coffeescript.SbtCoffeeScript, play.sbt.forkrun.PlayForkRun)
  :: sorting:: found: List(sbt.plugins.CorePlugin, com.typesafe.sbt.SbtNativePackager, sbt.plugins.InteractionServicePlugin, sbt.plugins.SendEventServicePlugin, sbt.plugins.SerializersPlugin, sbt.plugins.IvyPlugin, com.typesafe.sbt.packager.universal.UniversalPlugin, sbt.plugins.JvmPlugin, com.typesafe.sbt.packager.windows.WindowsPlugin, com.typesafe.sbt.packager.docker.DockerPlugin, com.typesafe.sbt.packager.linux.LinuxPlugin, play.twirl.sbt.SbtTwirl, play.sbt.routes.RoutesCompiler, com.typesafe.sbteclipse.plugin.EclipsePlugin, sbt.plugins.JUnitXmlReportPlugin, sbt.plugins.BackgroundRunPlugin, com.typesafe.sbt.packager.rpm.RpmPlugin, com.typesafe.sbt.web.SbtWeb, com.typesafe.sbt.packager.debian.DebianPlugin, com.typesafe.sbt.packager.archetypes.JavaAppPackaging, com.typesafe.sbt.jse.SbtJsEngine, org.irundaia.sbt.sass.SbtSassify, com.typesafe.sbt.digest.SbtDigest, com.typesafe.sbt.packager.archetypes.JavaServerAppPackaging, com.typesafe.sbt.jse.SbtJsTask) not found List(play.sbt.PlayScala, play.sbt.Play, play.sbt.PlayNettyServer, play.sbt.PlayLayoutPlugin, play.sbt.PlayLogback, com.typesafe.sbt.jshint.SbtJSHint, com.typesafe.sbt.mocha.SbtMocha, com.typesafe.sbt.less.SbtLess, com.typesafe.sbt.rjs.SbtRjs, com.typesafe.sbt.coffeescript.SbtCoffeeScript, play.sbt.forkrun.PlayForkRun)
  :: sorting:: found: List(sbt.plugins.CorePlugin, com.typesafe.sbt.SbtNativePackager, sbt.plugins.InteractionServicePlugin, sbt.plugins.SendEventServicePlugin, sbt.plugins.SerializersPlugin, sbt.plugins.IvyPlugin, com.typesafe.sbt.packager.universal.UniversalPlugin, sbt.plugins.JvmPlugin, com.typesafe.sbt.packager.windows.WindowsPlugin, com.typesafe.sbt.packager.docker.DockerPlugin, com.typesafe.sbt.packager.linux.LinuxPlugin, play.twirl.sbt.SbtTwirl, play.sbt.routes.RoutesCompiler, com.typesafe.sbteclipse.plugin.EclipsePlugin, sbt.plugins.JUnitXmlReportPlugin, sbt.plugins.BackgroundRunPlugin, com.typesafe.sbt.packager.rpm.RpmPlugin, com.typesafe.sbt.web.SbtWeb, com.typesafe.sbt.packager.debian.DebianPlugin, com.typesafe.sbt.packager.archetypes.JavaAppPackaging, com.typesafe.sbt.jse.SbtJsEngine, org.irundaia.sbt.sass.SbtSassify, com.typesafe.sbt.digest.SbtDigest, com.typesafe.sbt.packager.archetypes.JavaServerAppPackaging, com.typesafe.sbt.jse.SbtJsTask, play.sbt.Play, com.typesafe.sbt.jshint.SbtJSHint, com.typesafe.sbt.mocha.SbtMocha, com.typesafe.sbt.less.SbtLess, com.typesafe.sbt.rjs.SbtRjs, com.typesafe.sbt.coffeescript.SbtCoffeeScript) not found List(play.sbt.PlayScala, play.sbt.PlayNettyServer, play.sbt.PlayLayoutPlugin, play.sbt.PlayLogback, play.sbt.forkrun.PlayForkRun)
  :: sorting:: found: List(sbt.plugins.CorePlugin, com.typesafe.sbt.SbtNativePackager, sbt.plugins.InteractionServicePlugin, sbt.plugins.SendEventServicePlugin, sbt.plugins.SerializersPlugin, sbt.plugins.IvyPlugin, com.typesafe.sbt.packager.universal.UniversalPlugin, sbt.plugins.JvmPlugin, com.typesafe.sbt.packager.windows.WindowsPlugin, com.typesafe.sbt.packager.docker.DockerPlugin, com.typesafe.sbt.packager.linux.LinuxPlugin, play.twirl.sbt.SbtTwirl, play.sbt.routes.RoutesCompiler, com.typesafe.sbteclipse.plugin.EclipsePlugin, sbt.plugins.JUnitXmlReportPlugin, sbt.plugins.BackgroundRunPlugin, com.typesafe.sbt.packager.rpm.RpmPlugin, com.typesafe.sbt.web.SbtWeb, com.typesafe.sbt.packager.debian.DebianPlugin, com.typesafe.sbt.packager.archetypes.JavaAppPackaging, com.typesafe.sbt.jse.SbtJsEngine, org.irundaia.sbt.sass.SbtSassify, com.typesafe.sbt.digest.SbtDigest, com.typesafe.sbt.packager.archetypes.JavaServerAppPackaging, com.typesafe.sbt.jse.SbtJsTask, play.sbt.Play, com.typesafe.sbt.jshint.SbtJSHint, com.typesafe.sbt.mocha.SbtMocha, com.typesafe.sbt.less.SbtLess, com.typesafe.sbt.rjs.SbtRjs, com.typesafe.sbt.coffeescript.SbtCoffeeScript, play.sbt.PlayScala, play.sbt.PlayNettyServer, play.sbt.PlayLayoutPlugin, play.sbt.PlayLogback, play.sbt.forkrun.PlayForkRun) not found List()
  :: sorted deduced result: List(sbt.plugins.CorePlugin, com.typesafe.sbt.SbtNativePackager, sbt.plugins.InteractionServicePlugin, sbt.plugins.SendEventServicePlugin, sbt.plugins.SerializersPlugin, sbt.plugins.IvyPlugin, com.typesafe.sbt.packager.universal.UniversalPlugin, sbt.plugins.JvmPlugin, com.typesafe.sbt.packager.windows.WindowsPlugin, com.typesafe.sbt.packager.docker.DockerPlugin, com.typesafe.sbt.packager.linux.LinuxPlugin, play.twirl.sbt.SbtTwirl, play.sbt.routes.RoutesCompiler, com.typesafe.sbteclipse.plugin.EclipsePlugin, sbt.plugins.JUnitXmlReportPlugin, sbt.plugins.BackgroundRunPlugin, com.typesafe.sbt.packager.rpm.RpmPlugin, com.typesafe.sbt.web.SbtWeb, com.typesafe.sbt.packager.debian.DebianPlugin, com.typesafe.sbt.packager.archetypes.JavaAppPackaging, com.typesafe.sbt.jse.SbtJsEngine, org.irundaia.sbt.sass.SbtSassify, com.typesafe.sbt.digest.SbtDigest, com.typesafe.sbt.packager.archetypes.JavaServerAppPackaging, com.typesafe.sbt.jse.SbtJsTask, play.sbt.Play, com.typesafe.sbt.jshint.SbtJSHint, com.typesafe.sbt.mocha.SbtMocha, com.typesafe.sbt.less.SbtLess, com.typesafe.sbt.rjs.SbtRjs, com.typesafe.sbt.coffeescript.SbtCoffeeScript, play.sbt.PlayScala, play.sbt.PlayNettyServer, play.sbt.PlayLayoutPlugin, play.sbt.PlayLogback, play.sbt.forkrun.PlayForkRun)
[Loading] Done in F:\Scala\scalaWorkspace\play-scala\play-scala, returning: (root)
Set current project to play-scala (in build file:/F:/Scala/scalaWorkspace/play-scala/play-scala/)
Reapplying settings...
Set current project to play-scala (in build file:/F:/Scala/scalaWorkspace/play-scala/play-scala/)
> iflast shell
> server-send-ready-for-request
> server-handle-next-server-request
> {file:/F:/Scala/scalaWorkspace/play-scala/play-scala/}root/compile:discoveredMainClasses
Evaluating tasks: compile:discoveredMainClasses
Running task... Cancel: sbt.server.ServerTaskCancellation@5ff31777, check cycles: false

Initial source changes: 
	removed:Set()
	added: Set()
	modified: Set()
Removed products: Set()
External API changes: API Changes: Set()
Modified binary dependencies: Set()
Initial directly invalidated sources: Set()

Sources indirectly invalidated by:
	product: Set()
	binary dep: Set()
	external source: Set()
All initially invalidated sources: Set()

Total time: 3 s, completed Oct 15, 2016 1:49:31 PM
> server-post-command-cleanup
> server-handle-next-server-request
> {file:/F:/Scala/scalaWorkspace/play-scala/play-scala/}root/compile:mainClass
Evaluating tasks: compile:mainClass
Running task... Cancel: sbt.server.ServerTaskCancellation@13c5f458, check cycles: false
Total time: 0 s, completed Oct 15, 2016 1:49:31 PM
> server-post-command-cleanup
> server-handle-next-server-request
> compile
Evaluating tasks: compile:compile
Running task... Cancel: sbt.server.ServerTaskCancellation@67cd883c, check cycles: false

Initial source changes: 
	removed:Set()
	added: Set()
	modified: Set()
Removed products: Set()
External API changes: API Changes: Set()
Modified binary dependencies: Set()
Initial directly invalidated sources: Set()

Sources indirectly invalidated by:
	product: Set()
	binary dep: Set()
	external source: Set()
All initially invalidated sources: Set()

Total time: 2 s, completed Oct 15, 2016 1:49:33 PM
> server-post-command-cleanup
> server-handle-next-server-request
> {file:/F:/Scala/scalaWorkspace/play-scala/play-scala/}root/compile:discoveredMainClasses
Evaluating tasks: compile:discoveredMainClasses
Running task... Cancel: sbt.server.ServerTaskCancellation@6a8cb726, check cycles: false

Initial source changes: 
	removed:Set()
	added: Set()
	modified: Set()
Removed products: Set()
External API changes: API Changes: Set()
Modified binary dependencies: Set()
Initial directly invalidated sources: Set()

Sources indirectly invalidated by:
	product: Set()
	binary dep: Set()
	external source: Set()
All initially invalidated sources: Set()

Total time: 1 s, completed Oct 15, 2016 1:49:33 PM
> server-post-command-cleanup
> server-handle-next-server-request
> {file:/F:/Scala/scalaWorkspace/play-scala/play-scala/}root/compile:mainClass
Evaluating tasks: compile:mainClass
Running task... Cancel: sbt.server.ServerTaskCancellation@54cc671c, check cycles: false
Total time: 0 s, completed Oct 15, 2016 1:49:33 PM
> server-post-command-cleanup
> server-handle-next-server-request
> backgroundRun
Evaluating tasks: compile:backgroundRun
Running task... Cancel: sbt.server.ServerTaskCancellation@ce62acd, check cycles: false
Total time: 0 s, completed Oct 15, 2016 1:49:39 PM
> server-post-command-cleanup
> server-handle-next-server-request
> {file:/F:/Scala/scalaWorkspace/play-scala/play-scala/}root/*:playForkConfig
Evaluating tasks: *:playForkConfig
Running task... Cancel: sbt.server.ServerTaskCancellation@2d35dc4c, check cycles: false
Total time: 1 s, completed Oct 15, 2016 1:49:43 PM
> server-post-command-cleanup
> server-handle-next-server-request
> root/playForkNotifyStart http://localhost:9000
Evaluating tasks: *:playForkNotifyStart
Running task... Cancel: sbt.server.ServerTaskCancellation@3cf0abda, check cycles: false
Total time: 0 s, completed Oct 15, 2016 1:49:44 PM
> server-post-command-cleanup
> server-handle-next-server-request
> {file:/F:/Scala/scalaWorkspace/play-scala/play-scala/}root/*:playForkReload
Evaluating tasks: *:playForkReload
Running task... Cancel: sbt.server.ServerTaskCancellation@754b00fd, check cycles: false

Initial source changes: 
	removed:Set()
	added: Set()
	modified: Set()
Removed products: Set()
External API changes: API Changes: Set()
Modified binary dependencies: Set()
Initial directly invalidated sources: Set()

Sources indirectly invalidated by:
	product: Set()
	binary dep: Set()
	external source: Set()
All initially invalidated sources: Set()

Copy resource mappings: 
	(F:\Scala\scalaWorkspace\play-scala\play-scala\conf\application.conf,F:\Scala\scalaWorkspace\play-scala\play-scala\target\scala-2.11\classes\application.conf)
	(F:\Scala\scalaWorkspace\play-scala\play-scala\conf\logback.xml,F:\Scala\scalaWorkspace\play-scala\play-scala\target\scala-2.11\classes\logback.xml)
	(F:\Scala\scalaWorkspace\play-scala\play-scala\conf\routes,F:\Scala\scalaWorkspace\play-scala\play-scala\target\scala-2.11\classes\routes)
Total time: 6 s, completed Oct 15, 2016 1:50:08 PM
> server-post-command-cleanup
> server-handle-next-server-request
> {file:/F:/Scala/scalaWorkspace/play-scala/play-scala/}root/*:playForkReload
Evaluating tasks: *:playForkReload
Running task... Cancel: sbt.server.ServerTaskCancellation@629aecc1, check cycles: false

Initial source changes: 
	removed:Set()
	added: Set()
	modified: Set()
Removed products: Set()
External API changes: API Changes: Set()
Modified binary dependencies: Set()
Initial directly invalidated sources: Set()

Sources indirectly invalidated by:
	product: Set()
	binary dep: Set()
	external source: Set()
All initially invalidated sources: Set()

Copy resource mappings: 
	(F:\Scala\scalaWorkspace\play-scala\play-scala\conf\application.conf,F:\Scala\scalaWorkspace\play-scala\play-scala\target\scala-2.11\classes\application.conf)
	(F:\Scala\scalaWorkspace\play-scala\play-scala\conf\logback.xml,F:\Scala\scalaWorkspace\play-scala\play-scala\target\scala-2.11\classes\logback.xml)
	(F:\Scala\scalaWorkspace\play-scala\play-scala\conf\routes,F:\Scala\scalaWorkspace\play-scala\play-scala\target\scala-2.11\classes\routes)
Total time: 2 s, completed Oct 15, 2016 2:33:41 PM
> server-post-command-cleanup
> server-handle-next-server-request
> compile
Evaluating tasks: compile:compile
Running task... Cancel: sbt.server.ServerTaskCancellation@2116ea4b, check cycles: false

Initial source changes: 
	removed:Set()
	added: Set(F:\Scala\scalaWorkspace\play-scala\play-scala\app\models\Products.scala)
	modified: Set()
Removed products: Set()
External API changes: API Changes: Set()
Modified binary dependencies: Set()
Initial directly invalidated sources: Set(F:\Scala\scalaWorkspace\play-scala\play-scala\app\models\Products.scala)

Sources indirectly invalidated by:
	product: Set()
	binary dep: Set()
	external source: Set()
All initially invalidated sources: Set(F:\Scala\scalaWorkspace\play-scala\play-scala\app\models\Products.scala)

Read from stdout: Compiling 1 Scala source to F:\Scala\scalaWorkspace\play-scala\play-scala\target\scala-2.11\classes...
Compiling 1 Scala source to F:\Scala\scalaWorkspace\play-scala\play-scala\target\scala-2.11\classes...
Getting compiler-interface from component compiler for Scala 2.11.8
Other repositories:
Default repositories:
Other repositories:
Default repositories:
Read from stdout: 'compiler-interface' not yet compiled for Scala 2.11.8. Compiling...
'compiler-interface' not yet compiled for Scala 2.11.8. Compiling...
Plain interface to Scala compiler 2.11.8  with arguments: 
	-nowarn
	-d
	C:\Users\itstar\AppData\Local\Temp\sbt_816c09d6
	-bootclasspath
	C:\Program Files\Java\jdk1.8.0_45\jre\lib\resources.jar;C:\Program Files\Java\jdk1.8.0_45\jre\lib\rt.jar;C:\Program Files\Java\jdk1.8.0_45\jre\lib\sunrsasign.jar;C:\Program Files\Java\jdk1.8.0_45\jre\lib\jsse.jar;C:\Program Files\Java\jdk1.8.0_45\jre\lib\jce.jar;C:\Program Files\Java\jdk1.8.0_45\jre\lib\charsets.jar;C:\Program Files\Java\jdk1.8.0_45\jre\lib\jfr.jar;C:\Program Files\Java\jdk1.8.0_45\jre\classes;C:\Users\itstar\.ivy2\cache\org.scala-lang\scala-library\jars\scala-library-2.11.8.jar
	-classpath
	C:\Users\itstar\.sbt\boot\scala-2.10.4\com.typesafe.sbtrc\server-0-13\0.3.1\xsbti\interface-0.13.8-M3.jar;C:\Users\itstar\.sbt\boot\scala-2.10.4\com.typesafe.sbtrc\server-0-13\0.3.1\compiler-interface-src\compiler-interface-src-0.13.8-M3.jar;C:\Users\itstar\.ivy2\cache\org.scala-lang\scala-compiler\jars\scala-compiler-2.11.8.jar;C:\Users\itstar\.ivy2\cache\org.scala-lang\scala-reflect\jars\scala-reflect-2.11.8.jar;C:\Users\itstar\.ivy2\cache\org.scala-lang.modules\scala-xml_2.11\bundles\scala-xml_2.11-1.0.4.jar;C:\Users\itstar\.ivy2\cache\org.scala-lang.modules\scala-parser-combinators_2.11\bundles\scala-parser-combinators_2.11-1.0.4.jar;C:\Users\itstar\.ivy2\cache\jline\jline\jars\jline-2.12.1.jar
	C:\Users\itstar\AppData\Local\Temp\sbt_6645335a\xsbt\API.scala
	C:\Users\itstar\AppData\Local\Temp\sbt_6645335a\xsbt\Analyzer.scala
	C:\Users\itstar\AppData\Local\Temp\sbt_6645335a\xsbt\Command.scala
	C:\Users\itstar\AppData\Local\Temp\sbt_6645335a\xsbt\Compat.scala
	C:\Users\itstar\AppData\Local\Temp\sbt_6645335a\xsbt\CompilerInterface.scala
	C:\Users\itstar\AppData\Local\Temp\sbt_6645335a\xsbt\ConsoleInterface.scala
	C:\Users\itstar\AppData\Local\Temp\sbt_6645335a\xsbt\DelegatingReporter.scala
	C:\Users\itstar\AppData\Local\Temp\sbt_6645335a\xsbt\Dependency.scala
	C:\Users\itstar\AppData\Local\Temp\sbt_6645335a\xsbt\ExtractAPI.scala
	C:\Users\itstar\AppData\Local\Temp\sbt_6645335a\xsbt\ExtractUsedNames.scala
	C:\Users\itstar\AppData\Local\Temp\sbt_6645335a\xsbt\LocateClassFile.scala
	C:\Users\itstar\AppData\Local\Temp\sbt_6645335a\xsbt\Log.scala
	C:\Users\itstar\AppData\Local\Temp\sbt_6645335a\xsbt\Message.scala
	C:\Users\itstar\AppData\Local\Temp\sbt_6645335a\xsbt\ScaladocInterface.scala
Read from stdout: Compilation completed in 26.436 s
  Compilation completed in 26.436 s
Other repositories:
Default repositories:
Getting compiler-interface from component compiler for Scala 2.11.8
Other repositories:
Default repositories:
Running cached compiler 502b86d9, interfacing (CompilerInterface) with Scala compiler version 2.11.8
Calling Scala compiler with arguments  (CompilerInterface):
	-deprecation
	-unchecked
	-encoding
	utf8
	-bootclasspath
	C:\Program Files\Java\jdk1.8.0_45\jre\lib\resources.jar;C:\Program Files\Java\jdk1.8.0_45\jre\lib\rt.jar;C:\Program Files\Java\jdk1.8.0_45\jre\lib\sunrsasign.jar;C:\Program Files\Java\jdk1.8.0_45\jre\lib\jsse.jar;C:\Program Files\Java\jdk1.8.0_45\jre\lib\jce.jar;C:\Program Files\Java\jdk1.8.0_45\jre\lib\charsets.jar;C:\Program Files\Java\jdk1.8.0_45\jre\lib\jfr.jar;C:\Program Files\Java\jdk1.8.0_45\jre\classes;C:\Users\itstar\.ivy2\cache\org.scala-lang\scala-library\jars\scala-library-2.11.8.jar
	-classpath
	F:\Scala\scalaWorkspace\play-scala\play-scala\target\scala-2.11\classes;E:\Scala\activator-dist-1.3.10\repository\com.typesafe.play\twirl-api_2.11\1.1.1\jars\twirl-api_2.11.jar;E:\Scala\activator-dist-1.3.10\repository\org.apache.commons\commons-lang3\3.4\jars\commons-lang3.jar;C:\Users\itstar\.ivy2\cache\org.scala-lang.modules\scala-xml_2.11\bundles\scala-xml_2.11-1.0.1.jar;C:\Users\itstar\.ivy2\cache\com.typesafe.play\play-server_2.11\jars\play-server_2.11-2.5.9.jar;C:\Users\itstar\.ivy2\cache\com.typesafe.play\play_2.11\jars\play_2.11-2.5.9.jar;C:\Users\itstar\.ivy2\cache\com.typesafe.play\build-link\jars\build-link-2.5.9.jar;C:\Users\itstar\.ivy2\cache\com.typesafe.play\play-exceptions\jars\play-exceptions-2.5.9.jar;C:\Users\itstar\.ivy2\cache\com.typesafe.play\play-iteratees_2.11\jars\play-iteratees_2.11-2.5.9.jar;C:\Users\itstar\.ivy2\cache\org.scala-stm\scala-stm_2.11\jars\scala-stm_2.11-0.7.jar;E:\Scala\activator-dist-1.3.10\repository\com.typesafe\config\1.3.0\bundles\config.jar;C:\Users\itstar\.ivy2\cache\com.typesafe.play\play-json_2.11\jars\play-json_2.11-2.5.9.jar;C:\Users\itstar\.ivy2\cache\com.typesafe.play\play-functional_2.11\jars\play-functional_2.11-2.5.9.jar;C:\Users\itstar\.ivy2\cache\com.typesafe.play\play-datacommons_2.11\jars\play-datacommons_2.11-2.5.9.jar;C:\Users\itstar\.ivy2\cache\joda-time\joda-time\jars\joda-time-2.9.4.jar;E:\Scala\activator-dist-1.3.10\repository\org.joda\joda-convert\1.8.1\jars\joda-convert.jar;E:\Scala\activator-dist-1.3.10\repository\org.scala-lang\scala-reflect\2.11.7\jars\scala-reflect.jar;C:\Users\itstar\.ivy2\cache\com.fasterxml.jackson.core\jackson-core\bundles\jackson-core-2.7.6.jar;C:\Users\itstar\.ivy2\cache\com.fasterxml.jackson.core\jackson-annotations\bundles\jackson-annotations-2.7.6.jar;C:\Users\itstar\.ivy2\cache\com.fasterxml.jackson.core\jackson-databind\bundles\jackson-databind-2.7.6.jar;C:\Users\itstar\.ivy2\cache\com.fasterxml.jackson.datatype\jackson-datatype-jdk8\bundles\jackson-datatype-jdk8-2.7.6.jar;C:\Users\itstar\.ivy2\cache\com.fasterxml.jackson.datatype\jackson-datatype-jsr310\bundles\jackson-datatype-jsr310-2.7.6.jar;C:\Users\itstar\.ivy2\cache\com.typesafe.play\play-netty-utils\jars\play-netty-utils-2.5.9.jar;E:\Scala\activator-dist-1.3.10\repository\org.slf4j\slf4j-api\1.7.21\jars\slf4j-api.jar;C:\Users\itstar\.ivy2\cache\org.slf4j\jul-to-slf4j\jars\jul-to-slf4j-1.7.21.jar;C:\Users\itstar\.ivy2\cache\org.slf4j\jcl-over-slf4j\jars\jcl-over-slf4j-1.7.21.jar;C:\Users\itstar\.ivy2\cache\com.typesafe.play\play-streams_2.11\jars\play-streams_2.11-2.5.9.jar;C:\Users\itstar\.ivy2\cache\org.reactivestreams\reactive-streams\jars\reactive-streams-1.0.0.jar;C:\Users\itstar\.ivy2\cache\com.typesafe.akka\akka-stream_2.11\jars\akka-stream_2.11-2.4.10.jar;C:\Users\itstar\.ivy2\cache\com.typesafe.akka\akka-actor_2.11\jars\akka-actor_2.11-2.4.10.jar;C:\Users\itstar\.ivy2\cache\org.scala-lang.modules\scala-java8-compat_2.11\bundles\scala-java8-compat_2.11-0.7.0.jar;C:\Users\itstar\.ivy2\cache\com.typesafe\ssl-config-akka_2.11\bundles\ssl-config-akka_2.11-0.2.1.jar;C:\Users\itstar\.ivy2\cache\com.typesafe\ssl-config-core_2.11\bundles\ssl-config-core_2.11-0.2.1.jar;C:\Users\itstar\.ivy2\cache\org.scala-lang.modules\scala-parser-combinators_2.11\bundles\scala-parser-combinators_2.11-1.0.4.jar;C:\Users\itstar\.ivy2\cache\com.typesafe.akka\akka-slf4j_2.11\jars\akka-slf4j_2.11-2.4.10.jar;E:\Scala\activator-dist-1.3.10\repository\commons-codec\commons-codec\1.10\jars\commons-codec.jar;C:\Users\itstar\.ivy2\cache\xerces\xercesImpl\jars\xercesImpl-2.11.0.jar;C:\Users\itstar\.ivy2\cache\xml-apis\xml-apis\jars\xml-apis-1.4.01.jar;C:\Users\itstar\.ivy2\cache\javax.transaction\jta\jars\jta-1.1.jar;E:\Scala\activator-dist-1.3.10\repository\com.google.inject\guice\4.0\jars\guice.jar;C:\Users\itstar\.ivy2\cache\javax.inject\javax.inject\jars\javax.inject-1.jar;E:\Scala\activator-dist-1.3.10\repository\aopalliance\aopalliance\1.0\jars\aopalliance.jar;E:\Scala\activator-dist-1.3.10\repository\com.google.inject.extensions\guice-assistedinject\4.0\jars\guice-assistedinject.jar;C:\Users\itstar\.ivy2\cache\com.typesafe.play\play-netty-server_2.11\jars\play-netty-server_2.11-2.5.9.jar;C:\Users\itstar\.ivy2\cache\com.typesafe.netty\netty-reactive-streams-http\jars\netty-reactive-streams-http-1.0.8.jar;C:\Users\itstar\.ivy2\cache\com.typesafe.netty\netty-reactive-streams\jars\netty-reactive-streams-1.0.8.jar;C:\Users\itstar\.ivy2\cache\io.netty\netty-handler\jars\netty-handler-4.0.41.Final.jar;C:\Users\itstar\.ivy2\cache\io.netty\netty-buffer\jars\netty-buffer-4.0.41.Final.jar;C:\Users\itstar\.ivy2\cache\io.netty\netty-common\jars\netty-common-4.0.41.Final.jar;C:\Users\itstar\.ivy2\cache\io.netty\netty-transport\jars\netty-transport-4.0.41.Final.jar;C:\Users\itstar\.ivy2\cache\io.netty\netty-codec\jars\netty-codec-4.0.41.Final.jar;C:\Users\itstar\.ivy2\cache\io.netty\netty-codec-http\jars\netty-codec-http-4.0.41.Final.jar;C:\Users\itstar\.ivy2\cache\io.netty\netty-transport-native-epoll\jars\netty-transport-native-epoll-4.0.41.Final-linux-x86_64.jar;C:\Users\itstar\.ivy2\cache\com.typesafe.play\play-logback_2.11\jars\play-logback_2.11-2.5.9.jar;C:\Users\itstar\.ivy2\cache\ch.qos.logback\logback-classic\jars\logback-classic-1.1.7.jar;C:\Users\itstar\.ivy2\cache\ch.qos.logback\logback-core\jars\logback-core-1.1.7.jar;C:\Users\itstar\.ivy2\cache\com.typesafe.play\play-jdbc_2.11\jars\play-jdbc_2.11-2.5.9.jar;C:\Users\itstar\.ivy2\cache\com.typesafe.play\play-jdbc-api_2.11\jars\play-jdbc-api_2.11-2.5.9.jar;E:\Scala\activator-dist-1.3.10\repository\com.jolbox\bonecp\0.8.0.RELEASE\bundles\bonecp.jar;C:\Users\itstar\.ivy2\cache\com.zaxxer\HikariCP\bundles\HikariCP-2.5.1.jar;E:\Scala\activator-dist-1.3.10\repository\com.googlecode.usc\jdbcdslog\1.0.6.2\jars\jdbcdslog.jar;C:\Users\itstar\.ivy2\cache\com.h2database\h2\jars\h2-1.4.192.jar;E:\Scala\activator-dist-1.3.10\repository\tyrex\tyrex\1.0.1\jars\tyrex.jar;C:\Users\itstar\.ivy2\cache\com.typesafe.play\play-cache_2.11\jars\play-cache_2.11-2.5.9.jar;E:\Scala\activator-dist-1.3.10\repository\net.sf.ehcache\ehcache-core\2.6.11\jars\ehcache-core.jar;C:\Users\itstar\.ivy2\cache\com.typesafe.play\play-ws_2.11\jars\play-ws_2.11-2.5.9.jar;E:\Scala\activator-dist-1.3.10\repository\com.google.guava\guava\19.0\bundles\guava.jar;C:\Users\itstar\.ivy2\cache\org.asynchttpclient\async-http-client\jars\async-http-client-2.0.11.jar;C:\Users\itstar\.ivy2\cache\org.asynchttpclient\netty-resolver-dns\jars\netty-resolver-dns-2.0.11.jar;C:\Users\itstar\.ivy2\cache\org.asynchttpclient\netty-resolver\jars\netty-resolver-2.0.11.jar;C:\Users\itstar\.ivy2\cache\org.asynchttpclient\netty-codec-dns\jars\netty-codec-dns-2.0.11.jar;E:\Scala\activator-dist-1.3.10\repository\org.javassist\javassist\3.20.0-GA\bundles\javassist.jar;C:\Users\itstar\.ivy2\cache\oauth.signpost\signpost-core\jars\signpost-core-1.2.1.2.jar;C:\Users\itstar\.ivy2\cache\oauth.signpost\signpost-commonshttp4\jars\signpost-commonshttp4-1.2.1.2.jar;E:\Scala\activator-dist-1.3.10\repository\org.apache.httpcomponents\httpcore\4.0.1\jars\httpcore.jar;E:\Scala\activator-dist-1.3.10\repository\org.apache.httpcomponents\httpclient\4.0.1\jars\httpclient.jar;C:\Users\itstar\.ivy2\cache\commons-logging\commons-logging\jars\commons-logging-1.1.1.jar
Scala compilation took 27.803166494 s
Invalidating F:\Scala\scalaWorkspace\play-scala\play-scala\app\models\Products.scala...
Invalidating (transitively) by inheritance from F:\Scala\scalaWorkspace\play-scala\play-scala\app\models\Products.scala...
Initial set of included nodes: Set(F:\Scala\scalaWorkspace\play-scala\play-scala\app\models\Products.scala)
Invalidated by transitive inheritance dependency: Set(F:\Scala\scalaWorkspace\play-scala\play-scala\app\models\Products.scala)
The F:\Scala\scalaWorkspace\play-scala\play-scala\app\models\Products.scala source file has the following regular definitions changed:
	notify, wait, $asInstanceOf, equals, asInstanceOf, synchronized, $isInstanceOf, notifyAll, isInstanceOf, <init>, ==, clone, toString, !=, getClass, ne, eq, ##, finalize, hashCode, Products.
All member reference dependencies will be considered within this context.
New invalidations:
	Set()
Initial set of included nodes: Set()
Previously invalidated, but (transitively) depend on new invalidations:
	Set()
All newly invalidated sources after taking into account (previously) recompiled sources:Set()
Total time: 29 s, completed Oct 15, 2016 2:42:37 PM
> server-post-command-cleanup
> server-handle-next-server-request
> compile
Evaluating tasks: compile:compile
Running task... Cancel: sbt.server.ServerTaskCancellation@246fcbc5, check cycles: false

Initial source changes: 
	removed:Set()
	added: Set()
	modified: Set()
Removed products: Set()
External API changes: API Changes: Set()
Modified binary dependencies: Set()
Initial directly invalidated sources: Set()

Sources indirectly invalidated by:
	product: Set()
	binary dep: Set()
	external source: Set()
All initially invalidated sources: Set()

Total time: 1 s, completed Oct 15, 2016 2:42:38 PM
> server-post-command-cleanup
> server-handle-next-server-request
> compile
Evaluating tasks: compile:compile
Running task... Cancel: sbt.server.ServerTaskCancellation@5bba3e99, check cycles: false

Initial source changes: 
	removed:Set()
	added: Set()
	modified: Set(F:\Scala\scalaWorkspace\play-scala\play-scala\app\models\Products.scala)
Removed products: Set()
External API changes: API Changes: Set()
Modified binary dependencies: Set()
Initial directly invalidated sources: Set(F:\Scala\scalaWorkspace\play-scala\play-scala\app\models\Products.scala)

Sources indirectly invalidated by:
	product: Set()
	binary dep: Set()
	external source: Set()
All initially invalidated sources: Set(F:\Scala\scalaWorkspace\play-scala\play-scala\app\models\Products.scala)

Read from stdout: Compiling 1 Scala source to F:\Scala\scalaWorkspace\play-scala\play-scala\target\scala-2.11\classes...
Compiling 1 Scala source to F:\Scala\scalaWorkspace\play-scala\play-scala\target\scala-2.11\classes...
Getting compiler-interface from component compiler for Scala 2.11.8
Other repositories:
Default repositories:
Getting compiler-interface from component compiler for Scala 2.11.8
Other repositories:
Default repositories:
Running cached compiler 7fe13502, interfacing (CompilerInterface) with Scala compiler version 2.11.8
Calling Scala compiler with arguments  (CompilerInterface):
	-deprecation
	-unchecked
	-encoding
	utf8
	-bootclasspath
	C:\Program Files\Java\jdk1.8.0_45\jre\lib\resources.jar;C:\Program Files\Java\jdk1.8.0_45\jre\lib\rt.jar;C:\Program Files\Java\jdk1.8.0_45\jre\lib\sunrsasign.jar;C:\Program Files\Java\jdk1.8.0_45\jre\lib\jsse.jar;C:\Program Files\Java\jdk1.8.0_45\jre\lib\jce.jar;C:\Program Files\Java\jdk1.8.0_45\jre\lib\charsets.jar;C:\Program Files\Java\jdk1.8.0_45\jre\lib\jfr.jar;C:\Program Files\Java\jdk1.8.0_45\jre\classes;C:\Users\itstar\.ivy2\cache\org.scala-lang\scala-library\jars\scala-library-2.11.8.jar
	-classpath
	F:\Scala\scalaWorkspace\play-scala\play-scala\target\scala-2.11\classes;E:\Scala\activator-dist-1.3.10\repository\com.typesafe.play\twirl-api_2.11\1.1.1\jars\twirl-api_2.11.jar;E:\Scala\activator-dist-1.3.10\repository\org.apache.commons\commons-lang3\3.4\jars\commons-lang3.jar;C:\Users\itstar\.ivy2\cache\org.scala-lang.modules\scala-xml_2.11\bundles\scala-xml_2.11-1.0.1.jar;C:\Users\itstar\.ivy2\cache\com.typesafe.play\play-server_2.11\jars\play-server_2.11-2.5.9.jar;C:\Users\itstar\.ivy2\cache\com.typesafe.play\play_2.11\jars\play_2.11-2.5.9.jar;C:\Users\itstar\.ivy2\cache\com.typesafe.play\build-link\jars\build-link-2.5.9.jar;C:\Users\itstar\.ivy2\cache\com.typesafe.play\play-exceptions\jars\play-exceptions-2.5.9.jar;C:\Users\itstar\.ivy2\cache\com.typesafe.play\play-iteratees_2.11\jars\play-iteratees_2.11-2.5.9.jar;C:\Users\itstar\.ivy2\cache\org.scala-stm\scala-stm_2.11\jars\scala-stm_2.11-0.7.jar;E:\Scala\activator-dist-1.3.10\repository\com.typesafe\config\1.3.0\bundles\config.jar;C:\Users\itstar\.ivy2\cache\com.typesafe.play\play-json_2.11\jars\play-json_2.11-2.5.9.jar;C:\Users\itstar\.ivy2\cache\com.typesafe.play\play-functional_2.11\jars\play-functional_2.11-2.5.9.jar;C:\Users\itstar\.ivy2\cache\com.typesafe.play\play-datacommons_2.11\jars\play-datacommons_2.11-2.5.9.jar;C:\Users\itstar\.ivy2\cache\joda-time\joda-time\jars\joda-time-2.9.4.jar;E:\Scala\activator-dist-1.3.10\repository\org.joda\joda-convert\1.8.1\jars\joda-convert.jar;E:\Scala\activator-dist-1.3.10\repository\org.scala-lang\scala-reflect\2.11.7\jars\scala-reflect.jar;C:\Users\itstar\.ivy2\cache\com.fasterxml.jackson.core\jackson-core\bundles\jackson-core-2.7.6.jar;C:\Users\itstar\.ivy2\cache\com.fasterxml.jackson.core\jackson-annotations\bundles\jackson-annotations-2.7.6.jar;C:\Users\itstar\.ivy2\cache\com.fasterxml.jackson.core\jackson-databind\bundles\jackson-databind-2.7.6.jar;C:\Users\itstar\.ivy2\cache\com.fasterxml.jackson.datatype\jackson-datatype-jdk8\bundles\jackson-datatype-jdk8-2.7.6.jar;C:\Users\itstar\.ivy2\cache\com.fasterxml.jackson.datatype\jackson-datatype-jsr310\bundles\jackson-datatype-jsr310-2.7.6.jar;C:\Users\itstar\.ivy2\cache\com.typesafe.play\play-netty-utils\jars\play-netty-utils-2.5.9.jar;E:\Scala\activator-dist-1.3.10\repository\org.slf4j\slf4j-api\1.7.21\jars\slf4j-api.jar;C:\Users\itstar\.ivy2\cache\org.slf4j\jul-to-slf4j\jars\jul-to-slf4j-1.7.21.jar;C:\Users\itstar\.ivy2\cache\org.slf4j\jcl-over-slf4j\jars\jcl-over-slf4j-1.7.21.jar;C:\Users\itstar\.ivy2\cache\com.typesafe.play\play-streams_2.11\jars\play-streams_2.11-2.5.9.jar;C:\Users\itstar\.ivy2\cache\org.reactivestreams\reactive-streams\jars\reactive-streams-1.0.0.jar;C:\Users\itstar\.ivy2\cache\com.typesafe.akka\akka-stream_2.11\jars\akka-stream_2.11-2.4.10.jar;C:\Users\itstar\.ivy2\cache\com.typesafe.akka\akka-actor_2.11\jars\akka-actor_2.11-2.4.10.jar;C:\Users\itstar\.ivy2\cache\org.scala-lang.modules\scala-java8-compat_2.11\bundles\scala-java8-compat_2.11-0.7.0.jar;C:\Users\itstar\.ivy2\cache\com.typesafe\ssl-config-akka_2.11\bundles\ssl-config-akka_2.11-0.2.1.jar;C:\Users\itstar\.ivy2\cache\com.typesafe\ssl-config-core_2.11\bundles\ssl-config-core_2.11-0.2.1.jar;C:\Users\itstar\.ivy2\cache\org.scala-lang.modules\scala-parser-combinators_2.11\bundles\scala-parser-combinators_2.11-1.0.4.jar;C:\Users\itstar\.ivy2\cache\com.typesafe.akka\akka-slf4j_2.11\jars\akka-slf4j_2.11-2.4.10.jar;E:\Scala\activator-dist-1.3.10\repository\commons-codec\commons-codec\1.10\jars\commons-codec.jar;C:\Users\itstar\.ivy2\cache\xerces\xercesImpl\jars\xercesImpl-2.11.0.jar;C:\Users\itstar\.ivy2\cache\xml-apis\xml-apis\jars\xml-apis-1.4.01.jar;C:\Users\itstar\.ivy2\cache\javax.transaction\jta\jars\jta-1.1.jar;E:\Scala\activator-dist-1.3.10\repository\com.google.inject\guice\4.0\jars\guice.jar;C:\Users\itstar\.ivy2\cache\javax.inject\javax.inject\jars\javax.inject-1.jar;E:\Scala\activator-dist-1.3.10\repository\aopalliance\aopalliance\1.0\jars\aopalliance.jar;E:\Scala\activator-dist-1.3.10\repository\com.google.inject.extensions\guice-assistedinject\4.0\jars\guice-assistedinject.jar;C:\Users\itstar\.ivy2\cache\com.typesafe.play\play-netty-server_2.11\jars\play-netty-server_2.11-2.5.9.jar;C:\Users\itstar\.ivy2\cache\com.typesafe.netty\netty-reactive-streams-http\jars\netty-reactive-streams-http-1.0.8.jar;C:\Users\itstar\.ivy2\cache\com.typesafe.netty\netty-reactive-streams\jars\netty-reactive-streams-1.0.8.jar;C:\Users\itstar\.ivy2\cache\io.netty\netty-handler\jars\netty-handler-4.0.41.Final.jar;C:\Users\itstar\.ivy2\cache\io.netty\netty-buffer\jars\netty-buffer-4.0.41.Final.jar;C:\Users\itstar\.ivy2\cache\io.netty\netty-common\jars\netty-common-4.0.41.Final.jar;C:\Users\itstar\.ivy2\cache\io.netty\netty-transport\jars\netty-transport-4.0.41.Final.jar;C:\Users\itstar\.ivy2\cache\io.netty\netty-codec\jars\netty-codec-4.0.41.Final.jar;C:\Users\itstar\.ivy2\cache\io.netty\netty-codec-http\jars\netty-codec-http-4.0.41.Final.jar;C:\Users\itstar\.ivy2\cache\io.netty\netty-transport-native-epoll\jars\netty-transport-native-epoll-4.0.41.Final-linux-x86_64.jar;C:\Users\itstar\.ivy2\cache\com.typesafe.play\play-logback_2.11\jars\play-logback_2.11-2.5.9.jar;C:\Users\itstar\.ivy2\cache\ch.qos.logback\logback-classic\jars\logback-classic-1.1.7.jar;C:\Users\itstar\.ivy2\cache\ch.qos.logback\logback-core\jars\logback-core-1.1.7.jar;C:\Users\itstar\.ivy2\cache\com.typesafe.play\play-jdbc_2.11\jars\play-jdbc_2.11-2.5.9.jar;C:\Users\itstar\.ivy2\cache\com.typesafe.play\play-jdbc-api_2.11\jars\play-jdbc-api_2.11-2.5.9.jar;E:\Scala\activator-dist-1.3.10\repository\com.jolbox\bonecp\0.8.0.RELEASE\bundles\bonecp.jar;C:\Users\itstar\.ivy2\cache\com.zaxxer\HikariCP\bundles\HikariCP-2.5.1.jar;E:\Scala\activator-dist-1.3.10\repository\com.googlecode.usc\jdbcdslog\1.0.6.2\jars\jdbcdslog.jar;C:\Users\itstar\.ivy2\cache\com.h2database\h2\jars\h2-1.4.192.jar;E:\Scala\activator-dist-1.3.10\repository\tyrex\tyrex\1.0.1\jars\tyrex.jar;C:\Users\itstar\.ivy2\cache\com.typesafe.play\play-cache_2.11\jars\play-cache_2.11-2.5.9.jar;E:\Scala\activator-dist-1.3.10\repository\net.sf.ehcache\ehcache-core\2.6.11\jars\ehcache-core.jar;C:\Users\itstar\.ivy2\cache\com.typesafe.play\play-ws_2.11\jars\play-ws_2.11-2.5.9.jar;E:\Scala\activator-dist-1.3.10\repository\com.google.guava\guava\19.0\bundles\guava.jar;C:\Users\itstar\.ivy2\cache\org.asynchttpclient\async-http-client\jars\async-http-client-2.0.11.jar;C:\Users\itstar\.ivy2\cache\org.asynchttpclient\netty-resolver-dns\jars\netty-resolver-dns-2.0.11.jar;C:\Users\itstar\.ivy2\cache\org.asynchttpclient\netty-resolver\jars\netty-resolver-2.0.11.jar;C:\Users\itstar\.ivy2\cache\org.asynchttpclient\netty-codec-dns\jars\netty-codec-dns-2.0.11.jar;E:\Scala\activator-dist-1.3.10\repository\org.javassist\javassist\3.20.0-GA\bundles\javassist.jar;C:\Users\itstar\.ivy2\cache\oauth.signpost\signpost-core\jars\signpost-core-1.2.1.2.jar;C:\Users\itstar\.ivy2\cache\oauth.signpost\signpost-commonshttp4\jars\signpost-commonshttp4-1.2.1.2.jar;E:\Scala\activator-dist-1.3.10\repository\org.apache.httpcomponents\httpcore\4.0.1\jars\httpcore.jar;E:\Scala\activator-dist-1.3.10\repository\org.apache.httpcomponents\httpclient\4.0.1\jars\httpclient.jar;C:\Users\itstar\.ivy2\cache\commons-logging\commons-logging\jars\commons-logging-1.1.1.jar
Scala compilation took 8.647755308 s
Invalidating F:\Scala\scalaWorkspace\play-scala\play-scala\app\models\Products.scala...
Invalidating (transitively) by inheritance from F:\Scala\scalaWorkspace\play-scala\play-scala\app\models\Products.scala...
Initial set of included nodes: Set(F:\Scala\scalaWorkspace\play-scala\play-scala\app\models\Products.scala)
Invalidated by transitive inheritance dependency: Set(F:\Scala\scalaWorkspace\play-scala\play-scala\app\models\Products.scala)
The F:\Scala\scalaWorkspace\play-scala\play-scala\app\models\Products.scala source file has the following regular definitions changed:
	notify, unapply, name, wait, copy$default$2, $asInstanceOf, productArity, equals, description, asInstanceOf, synchronized, $isInstanceOf, canEqual, products, productPrefix, notifyAll, readResolve, findAll, isInstanceOf, <init>, apply, ==, clone, copy$default$3, copy, toString, !=, getClass, copy$default$1, Product, ne, ean, eq, productIterator, ##, finalize, productElement, hashCode, Products.
All member reference dependencies will be considered within this context.
New invalidations:
	Set()
Initial set of included nodes: Set()
Previously invalidated, but (transitively) depend on new invalidations:
	Set()
All newly invalidated sources after taking into account (previously) recompiled sources:Set()
Total time: 10 s, completed Oct 15, 2016 2:43:59 PM
> server-post-command-cleanup
> server-handle-next-server-request
> compile
Evaluating tasks: compile:compile
Running task... Cancel: sbt.server.ServerTaskCancellation@5a80005a, check cycles: false

Initial source changes: 
	removed:Set(F:\Scala\scalaWorkspace\play-scala\play-scala\app\models\Products.scala)
	added: Set(F:\Scala\scalaWorkspace\play-scala\play-scala\app\models\Product.scala)
	modified: Set()
Removed products: Set()
External API changes: API Changes: Set()
Modified binary dependencies: Set()
Initial directly invalidated sources: Set(F:\Scala\scalaWorkspace\play-scala\play-scala\app\models\Products.scala, F:\Scala\scalaWorkspace\play-scala\play-scala\app\models\Product.scala)

Sources indirectly invalidated by:
	product: Set()
	binary dep: Set()
	external source: Set()
All initially invalidated sources: Set(F:\Scala\scalaWorkspace\play-scala\play-scala\app\models\Products.scala, F:\Scala\scalaWorkspace\play-scala\play-scala\app\models\Product.scala)

Read from stdout: Compiling 1 Scala source to F:\Scala\scalaWorkspace\play-scala\play-scala\target\scala-2.11\classes...
Compiling 1 Scala source to F:\Scala\scalaWorkspace\play-scala\play-scala\target\scala-2.11\classes...
Getting compiler-interface from component compiler for Scala 2.11.8
Other repositories:
Default repositories:
Getting compiler-interface from component compiler for Scala 2.11.8
Other repositories:
Default repositories:
Running cached compiler 11ec3f7c, interfacing (CompilerInterface) with Scala compiler version 2.11.8
Calling Scala compiler with arguments  (CompilerInterface):
	-deprecation
	-unchecked
	-encoding
	utf8
	-bootclasspath
	C:\Program Files\Java\jdk1.8.0_45\jre\lib\resources.jar;C:\Program Files\Java\jdk1.8.0_45\jre\lib\rt.jar;C:\Program Files\Java\jdk1.8.0_45\jre\lib\sunrsasign.jar;C:\Program Files\Java\jdk1.8.0_45\jre\lib\jsse.jar;C:\Program Files\Java\jdk1.8.0_45\jre\lib\jce.jar;C:\Program Files\Java\jdk1.8.0_45\jre\lib\charsets.jar;C:\Program Files\Java\jdk1.8.0_45\jre\lib\jfr.jar;C:\Program Files\Java\jdk1.8.0_45\jre\classes;C:\Users\itstar\.ivy2\cache\org.scala-lang\scala-library\jars\scala-library-2.11.8.jar
	-classpath
	F:\Scala\scalaWorkspace\play-scala\play-scala\target\scala-2.11\classes;E:\Scala\activator-dist-1.3.10\repository\com.typesafe.play\twirl-api_2.11\1.1.1\jars\twirl-api_2.11.jar;E:\Scala\activator-dist-1.3.10\repository\org.apache.commons\commons-lang3\3.4\jars\commons-lang3.jar;C:\Users\itstar\.ivy2\cache\org.scala-lang.modules\scala-xml_2.11\bundles\scala-xml_2.11-1.0.1.jar;C:\Users\itstar\.ivy2\cache\com.typesafe.play\play-server_2.11\jars\play-server_2.11-2.5.9.jar;C:\Users\itstar\.ivy2\cache\com.typesafe.play\play_2.11\jars\play_2.11-2.5.9.jar;C:\Users\itstar\.ivy2\cache\com.typesafe.play\build-link\jars\build-link-2.5.9.jar;C:\Users\itstar\.ivy2\cache\com.typesafe.play\play-exceptions\jars\play-exceptions-2.5.9.jar;C:\Users\itstar\.ivy2\cache\com.typesafe.play\play-iteratees_2.11\jars\play-iteratees_2.11-2.5.9.jar;C:\Users\itstar\.ivy2\cache\org.scala-stm\scala-stm_2.11\jars\scala-stm_2.11-0.7.jar;E:\Scala\activator-dist-1.3.10\repository\com.typesafe\config\1.3.0\bundles\config.jar;C:\Users\itstar\.ivy2\cache\com.typesafe.play\play-json_2.11\jars\play-json_2.11-2.5.9.jar;C:\Users\itstar\.ivy2\cache\com.typesafe.play\play-functional_2.11\jars\play-functional_2.11-2.5.9.jar;C:\Users\itstar\.ivy2\cache\com.typesafe.play\play-datacommons_2.11\jars\play-datacommons_2.11-2.5.9.jar;C:\Users\itstar\.ivy2\cache\joda-time\joda-time\jars\joda-time-2.9.4.jar;E:\Scala\activator-dist-1.3.10\repository\org.joda\joda-convert\1.8.1\jars\joda-convert.jar;E:\Scala\activator-dist-1.3.10\repository\org.scala-lang\scala-reflect\2.11.7\jars\scala-reflect.jar;C:\Users\itstar\.ivy2\cache\com.fasterxml.jackson.core\jackson-core\bundles\jackson-core-2.7.6.jar;C:\Users\itstar\.ivy2\cache\com.fasterxml.jackson.core\jackson-annotations\bundles\jackson-annotations-2.7.6.jar;C:\Users\itstar\.ivy2\cache\com.fasterxml.jackson.core\jackson-databind\bundles\jackson-databind-2.7.6.jar;C:\Users\itstar\.ivy2\cache\com.fasterxml.jackson.datatype\jackson-datatype-jdk8\bundles\jackson-datatype-jdk8-2.7.6.jar;C:\Users\itstar\.ivy2\cache\com.fasterxml.jackson.datatype\jackson-datatype-jsr310\bundles\jackson-datatype-jsr310-2.7.6.jar;C:\Users\itstar\.ivy2\cache\com.typesafe.play\play-netty-utils\jars\play-netty-utils-2.5.9.jar;E:\Scala\activator-dist-1.3.10\repository\org.slf4j\slf4j-api\1.7.21\jars\slf4j-api.jar;C:\Users\itstar\.ivy2\cache\org.slf4j\jul-to-slf4j\jars\jul-to-slf4j-1.7.21.jar;C:\Users\itstar\.ivy2\cache\org.slf4j\jcl-over-slf4j\jars\jcl-over-slf4j-1.7.21.jar;C:\Users\itstar\.ivy2\cache\com.typesafe.play\play-streams_2.11\jars\play-streams_2.11-2.5.9.jar;C:\Users\itstar\.ivy2\cache\org.reactivestreams\reactive-streams\jars\reactive-streams-1.0.0.jar;C:\Users\itstar\.ivy2\cache\com.typesafe.akka\akka-stream_2.11\jars\akka-stream_2.11-2.4.10.jar;C:\Users\itstar\.ivy2\cache\com.typesafe.akka\akka-actor_2.11\jars\akka-actor_2.11-2.4.10.jar;C:\Users\itstar\.ivy2\cache\org.scala-lang.modules\scala-java8-compat_2.11\bundles\scala-java8-compat_2.11-0.7.0.jar;C:\Users\itstar\.ivy2\cache\com.typesafe\ssl-config-akka_2.11\bundles\ssl-config-akka_2.11-0.2.1.jar;C:\Users\itstar\.ivy2\cache\com.typesafe\ssl-config-core_2.11\bundles\ssl-config-core_2.11-0.2.1.jar;C:\Users\itstar\.ivy2\cache\org.scala-lang.modules\scala-parser-combinators_2.11\bundles\scala-parser-combinators_2.11-1.0.4.jar;C:\Users\itstar\.ivy2\cache\com.typesafe.akka\akka-slf4j_2.11\jars\akka-slf4j_2.11-2.4.10.jar;E:\Scala\activator-dist-1.3.10\repository\commons-codec\commons-codec\1.10\jars\commons-codec.jar;C:\Users\itstar\.ivy2\cache\xerces\xercesImpl\jars\xercesImpl-2.11.0.jar;C:\Users\itstar\.ivy2\cache\xml-apis\xml-apis\jars\xml-apis-1.4.01.jar;C:\Users\itstar\.ivy2\cache\javax.transaction\jta\jars\jta-1.1.jar;E:\Scala\activator-dist-1.3.10\repository\com.google.inject\guice\4.0\jars\guice.jar;C:\Users\itstar\.ivy2\cache\javax.inject\javax.inject\jars\javax.inject-1.jar;E:\Scala\activator-dist-1.3.10\repository\aopalliance\aopalliance\1.0\jars\aopalliance.jar;E:\Scala\activator-dist-1.3.10\repository\com.google.inject.extensions\guice-assistedinject\4.0\jars\guice-assistedinject.jar;C:\Users\itstar\.ivy2\cache\com.typesafe.play\play-netty-server_2.11\jars\play-netty-server_2.11-2.5.9.jar;C:\Users\itstar\.ivy2\cache\com.typesafe.netty\netty-reactive-streams-http\jars\netty-reactive-streams-http-1.0.8.jar;C:\Users\itstar\.ivy2\cache\com.typesafe.netty\netty-reactive-streams\jars\netty-reactive-streams-1.0.8.jar;C:\Users\itstar\.ivy2\cache\io.netty\netty-handler\jars\netty-handler-4.0.41.Final.jar;C:\Users\itstar\.ivy2\cache\io.netty\netty-buffer\jars\netty-buffer-4.0.41.Final.jar;C:\Users\itstar\.ivy2\cache\io.netty\netty-common\jars\netty-common-4.0.41.Final.jar;C:\Users\itstar\.ivy2\cache\io.netty\netty-transport\jars\netty-transport-4.0.41.Final.jar;C:\Users\itstar\.ivy2\cache\io.netty\netty-codec\jars\netty-codec-4.0.41.Final.jar;C:\Users\itstar\.ivy2\cache\io.netty\netty-codec-http\jars\netty-codec-http-4.0.41.Final.jar;C:\Users\itstar\.ivy2\cache\io.netty\netty-transport-native-epoll\jars\netty-transport-native-epoll-4.0.41.Final-linux-x86_64.jar;C:\Users\itstar\.ivy2\cache\com.typesafe.play\play-logback_2.11\jars\play-logback_2.11-2.5.9.jar;C:\Users\itstar\.ivy2\cache\ch.qos.logback\logback-classic\jars\logback-classic-1.1.7.jar;C:\Users\itstar\.ivy2\cache\ch.qos.logback\logback-core\jars\logback-core-1.1.7.jar;C:\Users\itstar\.ivy2\cache\com.typesafe.play\play-jdbc_2.11\jars\play-jdbc_2.11-2.5.9.jar;C:\Users\itstar\.ivy2\cache\com.typesafe.play\play-jdbc-api_2.11\jars\play-jdbc-api_2.11-2.5.9.jar;E:\Scala\activator-dist-1.3.10\repository\com.jolbox\bonecp\0.8.0.RELEASE\bundles\bonecp.jar;C:\Users\itstar\.ivy2\cache\com.zaxxer\HikariCP\bundles\HikariCP-2.5.1.jar;E:\Scala\activator-dist-1.3.10\repository\com.googlecode.usc\jdbcdslog\1.0.6.2\jars\jdbcdslog.jar;C:\Users\itstar\.ivy2\cache\com.h2database\h2\jars\h2-1.4.192.jar;E:\Scala\activator-dist-1.3.10\repository\tyrex\tyrex\1.0.1\jars\tyrex.jar;C:\Users\itstar\.ivy2\cache\com.typesafe.play\play-cache_2.11\jars\play-cache_2.11-2.5.9.jar;E:\Scala\activator-dist-1.3.10\repository\net.sf.ehcache\ehcache-core\2.6.11\jars\ehcache-core.jar;C:\Users\itstar\.ivy2\cache\com.typesafe.play\play-ws_2.11\jars\play-ws_2.11-2.5.9.jar;E:\Scala\activator-dist-1.3.10\repository\com.google.guava\guava\19.0\bundles\guava.jar;C:\Users\itstar\.ivy2\cache\org.asynchttpclient\async-http-client\jars\async-http-client-2.0.11.jar;C:\Users\itstar\.ivy2\cache\org.asynchttpclient\netty-resolver-dns\jars\netty-resolver-dns-2.0.11.jar;C:\Users\itstar\.ivy2\cache\org.asynchttpclient\netty-resolver\jars\netty-resolver-2.0.11.jar;C:\Users\itstar\.ivy2\cache\org.asynchttpclient\netty-codec-dns\jars\netty-codec-dns-2.0.11.jar;E:\Scala\activator-dist-1.3.10\repository\org.javassist\javassist\3.20.0-GA\bundles\javassist.jar;C:\Users\itstar\.ivy2\cache\oauth.signpost\signpost-core\jars\signpost-core-1.2.1.2.jar;C:\Users\itstar\.ivy2\cache\oauth.signpost\signpost-commonshttp4\jars\signpost-commonshttp4-1.2.1.2.jar;E:\Scala\activator-dist-1.3.10\repository\org.apache.httpcomponents\httpcore\4.0.1\jars\httpcore.jar;E:\Scala\activator-dist-1.3.10\repository\org.apache.httpcomponents\httpclient\4.0.1\jars\httpclient.jar;C:\Users\itstar\.ivy2\cache\commons-logging\commons-logging\jars\commons-logging-1.1.1.jar
Scala compilation took 2.572134275 s
Invalidating F:\Scala\scalaWorkspace\play-scala\play-scala\app\models\Products.scala...
Invalidating (transitively) by inheritance from F:\Scala\scalaWorkspace\play-scala\play-scala\app\models\Products.scala...
Initial set of included nodes: Set(F:\Scala\scalaWorkspace\play-scala\play-scala\app\models\Products.scala)
Invalidated by transitive inheritance dependency: Set(F:\Scala\scalaWorkspace\play-scala\play-scala\app\models\Products.scala)
The F:\Scala\scalaWorkspace\play-scala\play-scala\app\models\Products.scala source file has the following regular definitions changed:
	notify, unapply, name, wait, copy$default$2, $asInstanceOf, productArity, equals, description, asInstanceOf, synchronized, $isInstanceOf, canEqual, products, productPrefix, notifyAll, readResolve, findAll, isInstanceOf, <init>, apply, ==, clone, copy$default$3, copy, toString, !=, getClass, copy$default$1, Product, ne, ean, eq, productIterator, ##, finalize, productElement, hashCode.
All member reference dependencies will be considered within this context.
Invalidating F:\Scala\scalaWorkspace\play-scala\play-scala\app\models\Product.scala...
Invalidating (transitively) by inheritance from F:\Scala\scalaWorkspace\play-scala\play-scala\app\models\Product.scala...
Initial set of included nodes: Set(F:\Scala\scalaWorkspace\play-scala\play-scala\app\models\Product.scala)
Invalidated by transitive inheritance dependency: Set(F:\Scala\scalaWorkspace\play-scala\play-scala\app\models\Product.scala)
The F:\Scala\scalaWorkspace\play-scala\play-scala\app\models\Product.scala source file has the following regular definitions changed:
	notify, unapply, name, wait, copy$default$2, $asInstanceOf, productArity, equals, description, asInstanceOf, synchronized, $isInstanceOf, canEqual, products, productPrefix, notifyAll, readResolve, findAll, isInstanceOf, <init>, apply, ==, clone, copy$default$3, copy, toString, !=, getClass, copy$default$1, Product, ne, ean, eq, productIterator, ##, finalize, productElement, hashCode.
All member reference dependencies will be considered within this context.
New invalidations:
	Set()
Initial set of included nodes: Set()
Previously invalidated, but (transitively) depend on new invalidations:
	Set()
All newly invalidated sources after taking into account (previously) recompiled sources:Set()
Total time: 4 s, completed Oct 15, 2016 2:44:05 PM
> server-post-command-cleanup
> server-handle-next-server-request
> compile
Evaluating tasks: compile:compile
Running task... Cancel: sbt.server.ServerTaskCancellation@2fd7df03, check cycles: false

Initial source changes: 
	removed:Set()
	added: Set()
	modified: Set()
Removed products: Set()
External API changes: API Changes: Set()
Modified binary dependencies: Set()
Initial directly invalidated sources: Set()

Sources indirectly invalidated by:
	product: Set()
	binary dep: Set()
	external source: Set()
All initially invalidated sources: Set()

Total time: 0 s, completed Oct 15, 2016 2:44:05 PM
> server-post-command-cleanup
> server-handle-next-server-request
> compile
Evaluating tasks: compile:compile
Running task... Cancel: sbt.server.ServerTaskCancellation@1be1c1e3, check cycles: false

Initial source changes: 
	removed:Set()
	added: Set()
	modified: Set(F:\Scala\scalaWorkspace\play-scala\play-scala\app\models\Product.scala)
Removed products: Set()
External API changes: API Changes: Set()
Modified binary dependencies: Set()
Initial directly invalidated sources: Set(F:\Scala\scalaWorkspace\play-scala\play-scala\app\models\Product.scala)

Sources indirectly invalidated by:
	product: Set()
	binary dep: Set()
	external source: Set()
All initially invalidated sources: Set(F:\Scala\scalaWorkspace\play-scala\play-scala\app\models\Product.scala)

Read from stdout: Compiling 1 Scala source to F:\Scala\scalaWorkspace\play-scala\play-scala\target\scala-2.11\classes...
Compiling 1 Scala source to F:\Scala\scalaWorkspace\play-scala\play-scala\target\scala-2.11\classes...
Getting compiler-interface from component compiler for Scala 2.11.8
Other repositories:
Default repositories:
Getting compiler-interface from component compiler for Scala 2.11.8
Other repositories:
Default repositories:
Running cached compiler 4ea1aa17, interfacing (CompilerInterface) with Scala compiler version 2.11.8
Calling Scala compiler with arguments  (CompilerInterface):
	-deprecation
	-unchecked
	-encoding
	utf8
	-bootclasspath
	C:\Program Files\Java\jdk1.8.0_45\jre\lib\resources.jar;C:\Program Files\Java\jdk1.8.0_45\jre\lib\rt.jar;C:\Program Files\Java\jdk1.8.0_45\jre\lib\sunrsasign.jar;C:\Program Files\Java\jdk1.8.0_45\jre\lib\jsse.jar;C:\Program Files\Java\jdk1.8.0_45\jre\lib\jce.jar;C:\Program Files\Java\jdk1.8.0_45\jre\lib\charsets.jar;C:\Program Files\Java\jdk1.8.0_45\jre\lib\jfr.jar;C:\Program Files\Java\jdk1.8.0_45\jre\classes;C:\Users\itstar\.ivy2\cache\org.scala-lang\scala-library\jars\scala-library-2.11.8.jar
	-classpath
	F:\Scala\scalaWorkspace\play-scala\play-scala\target\scala-2.11\classes;E:\Scala\activator-dist-1.3.10\repository\com.typesafe.play\twirl-api_2.11\1.1.1\jars\twirl-api_2.11.jar;E:\Scala\activator-dist-1.3.10\repository\org.apache.commons\commons-lang3\3.4\jars\commons-lang3.jar;C:\Users\itstar\.ivy2\cache\org.scala-lang.modules\scala-xml_2.11\bundles\scala-xml_2.11-1.0.1.jar;C:\Users\itstar\.ivy2\cache\com.typesafe.play\play-server_2.11\jars\play-server_2.11-2.5.9.jar;C:\Users\itstar\.ivy2\cache\com.typesafe.play\play_2.11\jars\play_2.11-2.5.9.jar;C:\Users\itstar\.ivy2\cache\com.typesafe.play\build-link\jars\build-link-2.5.9.jar;C:\Users\itstar\.ivy2\cache\com.typesafe.play\play-exceptions\jars\play-exceptions-2.5.9.jar;C:\Users\itstar\.ivy2\cache\com.typesafe.play\play-iteratees_2.11\jars\play-iteratees_2.11-2.5.9.jar;C:\Users\itstar\.ivy2\cache\org.scala-stm\scala-stm_2.11\jars\scala-stm_2.11-0.7.jar;E:\Scala\activator-dist-1.3.10\repository\com.typesafe\config\1.3.0\bundles\config.jar;C:\Users\itstar\.ivy2\cache\com.typesafe.play\play-json_2.11\jars\play-json_2.11-2.5.9.jar;C:\Users\itstar\.ivy2\cache\com.typesafe.play\play-functional_2.11\jars\play-functional_2.11-2.5.9.jar;C:\Users\itstar\.ivy2\cache\com.typesafe.play\play-datacommons_2.11\jars\play-datacommons_2.11-2.5.9.jar;C:\Users\itstar\.ivy2\cache\joda-time\joda-time\jars\joda-time-2.9.4.jar;E:\Scala\activator-dist-1.3.10\repository\org.joda\joda-convert\1.8.1\jars\joda-convert.jar;E:\Scala\activator-dist-1.3.10\repository\org.scala-lang\scala-reflect\2.11.7\jars\scala-reflect.jar;C:\Users\itstar\.ivy2\cache\com.fasterxml.jackson.core\jackson-core\bundles\jackson-core-2.7.6.jar;C:\Users\itstar\.ivy2\cache\com.fasterxml.jackson.core\jackson-annotations\bundles\jackson-annotations-2.7.6.jar;C:\Users\itstar\.ivy2\cache\com.fasterxml.jackson.core\jackson-databind\bundles\jackson-databind-2.7.6.jar;C:\Users\itstar\.ivy2\cache\com.fasterxml.jackson.datatype\jackson-datatype-jdk8\bundles\jackson-datatype-jdk8-2.7.6.jar;C:\Users\itstar\.ivy2\cache\com.fasterxml.jackson.datatype\jackson-datatype-jsr310\bundles\jackson-datatype-jsr310-2.7.6.jar;C:\Users\itstar\.ivy2\cache\com.typesafe.play\play-netty-utils\jars\play-netty-utils-2.5.9.jar;E:\Scala\activator-dist-1.3.10\repository\org.slf4j\slf4j-api\1.7.21\jars\slf4j-api.jar;C:\Users\itstar\.ivy2\cache\org.slf4j\jul-to-slf4j\jars\jul-to-slf4j-1.7.21.jar;C:\Users\itstar\.ivy2\cache\org.slf4j\jcl-over-slf4j\jars\jcl-over-slf4j-1.7.21.jar;C:\Users\itstar\.ivy2\cache\com.typesafe.play\play-streams_2.11\jars\play-streams_2.11-2.5.9.jar;C:\Users\itstar\.ivy2\cache\org.reactivestreams\reactive-streams\jars\reactive-streams-1.0.0.jar;C:\Users\itstar\.ivy2\cache\com.typesafe.akka\akka-stream_2.11\jars\akka-stream_2.11-2.4.10.jar;C:\Users\itstar\.ivy2\cache\com.typesafe.akka\akka-actor_2.11\jars\akka-actor_2.11-2.4.10.jar;C:\Users\itstar\.ivy2\cache\org.scala-lang.modules\scala-java8-compat_2.11\bundles\scala-java8-compat_2.11-0.7.0.jar;C:\Users\itstar\.ivy2\cache\com.typesafe\ssl-config-akka_2.11\bundles\ssl-config-akka_2.11-0.2.1.jar;C:\Users\itstar\.ivy2\cache\com.typesafe\ssl-config-core_2.11\bundles\ssl-config-core_2.11-0.2.1.jar;C:\Users\itstar\.ivy2\cache\org.scala-lang.modules\scala-parser-combinators_2.11\bundles\scala-parser-combinators_2.11-1.0.4.jar;C:\Users\itstar\.ivy2\cache\com.typesafe.akka\akka-slf4j_2.11\jars\akka-slf4j_2.11-2.4.10.jar;E:\Scala\activator-dist-1.3.10\repository\commons-codec\commons-codec\1.10\jars\commons-codec.jar;C:\Users\itstar\.ivy2\cache\xerces\xercesImpl\jars\xercesImpl-2.11.0.jar;C:\Users\itstar\.ivy2\cache\xml-apis\xml-apis\jars\xml-apis-1.4.01.jar;C:\Users\itstar\.ivy2\cache\javax.transaction\jta\jars\jta-1.1.jar;E:\Scala\activator-dist-1.3.10\repository\com.google.inject\guice\4.0\jars\guice.jar;C:\Users\itstar\.ivy2\cache\javax.inject\javax.inject\jars\javax.inject-1.jar;E:\Scala\activator-dist-1.3.10\repository\aopalliance\aopalliance\1.0\jars\aopalliance.jar;E:\Scala\activator-dist-1.3.10\repository\com.google.inject.extensions\guice-assistedinject\4.0\jars\guice-assistedinject.jar;C:\Users\itstar\.ivy2\cache\com.typesafe.play\play-netty-server_2.11\jars\play-netty-server_2.11-2.5.9.jar;C:\Users\itstar\.ivy2\cache\com.typesafe.netty\netty-reactive-streams-http\jars\netty-reactive-streams-http-1.0.8.jar;C:\Users\itstar\.ivy2\cache\com.typesafe.netty\netty-reactive-streams\jars\netty-reactive-streams-1.0.8.jar;C:\Users\itstar\.ivy2\cache\io.netty\netty-handler\jars\netty-handler-4.0.41.Final.jar;C:\Users\itstar\.ivy2\cache\io.netty\netty-buffer\jars\netty-buffer-4.0.41.Final.jar;C:\Users\itstar\.ivy2\cache\io.netty\netty-common\jars\netty-common-4.0.41.Final.jar;C:\Users\itstar\.ivy2\cache\io.netty\netty-transport\jars\netty-transport-4.0.41.Final.jar;C:\Users\itstar\.ivy2\cache\io.netty\netty-codec\jars\netty-codec-4.0.41.Final.jar;C:\Users\itstar\.ivy2\cache\io.netty\netty-codec-http\jars\netty-codec-http-4.0.41.Final.jar;C:\Users\itstar\.ivy2\cache\io.netty\netty-transport-native-epoll\jars\netty-transport-native-epoll-4.0.41.Final-linux-x86_64.jar;C:\Users\itstar\.ivy2\cache\com.typesafe.play\play-logback_2.11\jars\play-logback_2.11-2.5.9.jar;C:\Users\itstar\.ivy2\cache\ch.qos.logback\logback-classic\jars\logback-classic-1.1.7.jar;C:\Users\itstar\.ivy2\cache\ch.qos.logback\logback-core\jars\logback-core-1.1.7.jar;C:\Users\itstar\.ivy2\cache\com.typesafe.play\play-jdbc_2.11\jars\play-jdbc_2.11-2.5.9.jar;C:\Users\itstar\.ivy2\cache\com.typesafe.play\play-jdbc-api_2.11\jars\play-jdbc-api_2.11-2.5.9.jar;E:\Scala\activator-dist-1.3.10\repository\com.jolbox\bonecp\0.8.0.RELEASE\bundles\bonecp.jar;C:\Users\itstar\.ivy2\cache\com.zaxxer\HikariCP\bundles\HikariCP-2.5.1.jar;E:\Scala\activator-dist-1.3.10\repository\com.googlecode.usc\jdbcdslog\1.0.6.2\jars\jdbcdslog.jar;C:\Users\itstar\.ivy2\cache\com.h2database\h2\jars\h2-1.4.192.jar;E:\Scala\activator-dist-1.3.10\repository\tyrex\tyrex\1.0.1\jars\tyrex.jar;C:\Users\itstar\.ivy2\cache\com.typesafe.play\play-cache_2.11\jars\play-cache_2.11-2.5.9.jar;E:\Scala\activator-dist-1.3.10\repository\net.sf.ehcache\ehcache-core\2.6.11\jars\ehcache-core.jar;C:\Users\itstar\.ivy2\cache\com.typesafe.play\play-ws_2.11\jars\play-ws_2.11-2.5.9.jar;E:\Scala\activator-dist-1.3.10\repository\com.google.guava\guava\19.0\bundles\guava.jar;C:\Users\itstar\.ivy2\cache\org.asynchttpclient\async-http-client\jars\async-http-client-2.0.11.jar;C:\Users\itstar\.ivy2\cache\org.asynchttpclient\netty-resolver-dns\jars\netty-resolver-dns-2.0.11.jar;C:\Users\itstar\.ivy2\cache\org.asynchttpclient\netty-resolver\jars\netty-resolver-2.0.11.jar;C:\Users\itstar\.ivy2\cache\org.asynchttpclient\netty-codec-dns\jars\netty-codec-dns-2.0.11.jar;E:\Scala\activator-dist-1.3.10\repository\org.javassist\javassist\3.20.0-GA\bundles\javassist.jar;C:\Users\itstar\.ivy2\cache\oauth.signpost\signpost-core\jars\signpost-core-1.2.1.2.jar;C:\Users\itstar\.ivy2\cache\oauth.signpost\signpost-commonshttp4\jars\signpost-commonshttp4-1.2.1.2.jar;E:\Scala\activator-dist-1.3.10\repository\org.apache.httpcomponents\httpcore\4.0.1\jars\httpcore.jar;E:\Scala\activator-dist-1.3.10\repository\org.apache.httpcomponents\httpclient\4.0.1\jars\httpclient.jar;C:\Users\itstar\.ivy2\cache\commons-logging\commons-logging\jars\commons-logging-1.1.1.jar
Scala compilation took 0.973825804 s
New invalidations:
	Set()
Initial set of included nodes: Set()
Previously invalidated, but (transitively) depend on new invalidations:
	Set()
All newly invalidated sources after taking into account (previously) recompiled sources:Set()
Total time: 2 s, completed Oct 15, 2016 2:44:15 PM
> server-post-command-cleanup
> server-handle-next-server-request
